2016-10-26T19:52:00+00:00 NOTICE (5): USER ID: 6. MESSAGE: This user 6 was not found. Will redirect to index page.
2016-10-26T19:53:27+00:00 NOTICE (5): USER ID: 6. MESSAGE: This user 1 was not found. Will redirect to index page.
2016-10-26T20:06:54+00:00 NOTICE (5): USER ID: 6. MESSAGE: Este e-mail já está cadastrado para outro usuário no sistema. Use um email diferente. [USER007]
2016-10-26T20:07:29+00:00 NOTICE (5): USER ID: 6. MESSAGE: Usuário alterado com sucesso. [USER005]
2016-10-26T20:18:56+00:00 NOTICE (5): USER ID: 6. MESSAGE: Usuário cadastrado com sucesso. Deseja cadastrar outro usuário? [USER001]
2016-10-26T20:19:20+00:00 NOTICE (5): USER ID: 6. MESSAGE: Usuário alterado com sucesso. [USER005]
2016-10-27T18:06:46+00:00 NOTICE (5): USER ID: 6. MESSAGE: Website alterado com sucesso. [WEBSITE004]
2016-10-27T18:07:15+00:00 NOTICE (5): USER ID: 6. MESSAGE: Website alterado com sucesso. [WEBSITE004]
2016-10-27T18:20:07+00:00 NOTICE (5): USER ID: 6. MESSAGE: Permissões do usuário 7 alteradas com sucesso. [USER014]
2016-10-27T18:20:07+00:00 NOTICE (5): USER ID: 6. MESSAGE: Permissões do usuário 7 alteradas com sucesso. [USER014]
2016-10-27T18:20:07+00:00 NOTICE (5): USER ID: 6. MESSAGE: Permissões do usuário 7 alteradas com sucesso. [USER014]
2016-10-27T18:32:11+00:00 NOTICE (5): USER ID: 6. MESSAGE: Permissões do usuário 7 alteradas com sucesso. [USER014]
2016-10-27T18:32:11+00:00 NOTICE (5): USER ID: 6. MESSAGE: Permissões do usuário 7 alteradas com sucesso. [USER014]
2016-10-27T18:32:11+00:00 NOTICE (5): USER ID: 6. MESSAGE: Permissões do usuário 7 alteradas com sucesso. [USER014]
2016-10-27T18:33:27+00:00 ERR (3): USER ID: 6. MESSAGE: Falha ao tentar alterar a senha do usuário 7. [USER013]
2016-10-27T18:34:55+00:00 NOTICE (5): USER ID: 6. MESSAGE: Senha do usuário 7 alterada com sucesso. [USER012]
2016-10-27T18:35:01+00:00 NOTICE (5): USER ID: 6. MESSAGE: Senha do usuário 7 alterada com sucesso. [USER012]
2016-10-27T18:36:22+00:00 NOTICE (5): USER ID: 6. MESSAGE: Usuário alterado com sucesso. [USER005]
2016-10-27T18:49:54+00:00 NOTICE (5): USER ID: 6. MESSAGE: Permissões do usuário 7 alteradas com sucesso. [USER014]
2016-10-27T18:49:54+00:00 NOTICE (5): USER ID: 6. MESSAGE: Permissões do usuário 7 alteradas com sucesso. [USER014]
2016-10-27T18:49:54+00:00 NOTICE (5): USER ID: 6. MESSAGE: Permissões do usuário 7 alteradas com sucesso. [USER014]
