2016-10-19T16:06:49+00:00 INFO (6): USER ID: 0. MESSAGE: teste
2016-10-19T16:07:56+00:00 NOTICE (5): USER ID: 0. MESSAGE: Empresa cadastrada com sucesso. Deseja cadastrar outra empresa? [COMPANY001]
2016-10-19T16:11:53+00:00 NOTICE (5): USER ID: 0. MESSAGE: Empresa excluída com sucesso. [COMPANY008]
2016-10-19T16:12:00+00:00 NOTICE (5): USER ID: 0. MESSAGE: Empresa excluída com sucesso. [COMPANY008]
2016-10-19T16:12:12+00:00 NOTICE (5): USER ID: 0. MESSAGE: Empresa excluída com sucesso. [COMPANY008]
2016-10-19T16:15:28+00:00 NOTICE (5): USER ID: 0. MESSAGE: Usuário cadastrado com sucesso. Deseja cadastrar outro usuário? [USER001]
2016-10-19T16:15:55+00:00 NOTICE (5): USER ID: 0. MESSAGE: Usuário alterado com sucesso. [USER005]
2016-10-19T16:16:10+00:00 NOTICE (5): USER ID: 0. MESSAGE: Usuário excluído com sucesso. [USER010]
2016-10-19T16:19:37+00:00 NOTICE (5): USER ID: 0. MESSAGE: Website excluído com sucesso. [WEBSITE008]
2016-10-19T16:20:09+00:00 ERR (3): USER ID: 0. MESSAGE: Houve um erro ao tentar excluir o website. Tente novamente. [WEBSITE009]
2016-10-19T16:20:18+00:00 ERR (3): USER ID: 0. MESSAGE: Houve um erro ao tentar excluir o website. Tente novamente. [WEBSITE009]
2016-10-19T16:33:30+00:00 ERR (3): USER ID: 0. MESSAGE: Relationshsips between website 21 and modules was not removed.
2016-10-19T16:33:30+00:00 ERR (3): USER ID: 0. MESSAGE: Houve um erro ao tentar excluir o website. Tente novamente. [WEBSITE009]
2016-10-19T16:33:30+00:00 ERR (3): USER ID: 0. MESSAGE: Houve um erro ao tentar excluir o website. Tente novamente. [WEBSITE009]
2016-10-19T16:34:32+00:00 ERR (3): USER ID: 0. MESSAGE: Relationshsips between website 21 and modules was not removed.
2016-10-19T16:34:32+00:00 ERR (3): USER ID: 0. MESSAGE: Houve um erro ao tentar excluir o website. Tente novamente. [WEBSITE009]
2016-10-19T16:34:32+00:00 ERR (3): USER ID: 0. MESSAGE: Houve um erro ao tentar excluir o website. Tente novamente. [WEBSITE009]
2016-10-19T16:36:15+00:00 ERR (3): USER ID: 0. MESSAGE: Relationshsip between website 21 and modules was not removed.
2016-10-19T16:36:15+00:00 ERR (3): USER ID: 0. MESSAGE: Houve um erro ao tentar excluir o website. Tente novamente. [WEBSITE009]
2016-10-19T16:36:15+00:00 ERR (3): USER ID: 0. MESSAGE: Houve um erro ao tentar excluir o website. Tente novamente. [WEBSITE009]
2016-10-19T16:48:54+00:00 ERR (3): USER ID: 0. MESSAGE: Relationshsip between website 21 and modules was not removed.
2016-10-19T16:50:09+00:00 ERR (3): USER ID: 0. MESSAGE: Relationshsip between website 21 and modules was not removed.
2016-10-19T16:50:52+00:00 ERR (3): USER ID: 0. MESSAGE: Relationshsip between website 21 and modules was not removed.
2016-10-19T16:51:50+00:00 ERR (3): USER ID: 0. MESSAGE: Relationshsip between website 21 and modules was not removed.
2016-10-19T16:52:05+00:00 ERR (3): USER ID: 0. MESSAGE: Relationshsip between website 21 and modules was not removed.
2016-10-19T16:52:47+00:00 ERR (3): USER ID: 0. MESSAGE: Relationshsip between website 21 and modules was not removed.
2016-10-19T16:52:48+00:00 NOTICE (5): USER ID: 0. MESSAGE: Website excluído com sucesso. [WEBSITE008]
2016-10-19T16:52:48+00:00 NOTICE (5): USER ID: 0. MESSAGE: Website excluído com sucesso. [WEBSITE008]
2016-10-19T16:52:57+00:00 ERR (3): USER ID: 0. MESSAGE: Relationshsip between website 20 and modules was not removed.
2016-10-19T16:54:07+00:00 ERR (3): USER ID: 0. MESSAGE: Relationshsip between website 20 and modules was not removed.
2016-10-19T16:54:08+00:00 NOTICE (5): USER ID: 0. MESSAGE: Website excluído com sucesso. [WEBSITE008]
2016-10-19T16:54:08+00:00 NOTICE (5): USER ID: 0. MESSAGE: Website excluído com sucesso. [WEBSITE008]
2016-10-19T16:54:17+00:00 ERR (3): USER ID: 0. MESSAGE: Relationshsip between website 19 and modules was not removed.
2016-10-19T16:54:19+00:00 NOTICE (5): USER ID: 0. MESSAGE: Website excluído com sucesso. [WEBSITE008]
2016-10-19T16:54:19+00:00 NOTICE (5): USER ID: 0. MESSAGE: Website excluído com sucesso. [WEBSITE008]
2016-10-19T16:54:29+00:00 ERR (3): USER ID: 0. MESSAGE: Relationshsip between website 18 and modules was not removed.
2016-10-19T16:54:30+00:00 NOTICE (5): USER ID: 0. MESSAGE: Website excluído com sucesso. [WEBSITE008]
2016-10-19T16:54:30+00:00 NOTICE (5): USER ID: 0. MESSAGE: Website excluído com sucesso. [WEBSITE008]
2016-10-19T16:54:37+00:00 ERR (3): USER ID: 0. MESSAGE: Relationshsip between website 17 and modules was not removed.
2016-10-19T16:54:38+00:00 NOTICE (5): USER ID: 0. MESSAGE: Website excluído com sucesso. [WEBSITE008]
2016-10-19T16:54:38+00:00 NOTICE (5): USER ID: 0. MESSAGE: Website excluído com sucesso. [WEBSITE008]
2016-10-19T16:54:44+00:00 ERR (3): USER ID: 0. MESSAGE: Relationshsip between website 16 and modules was not removed.
2016-10-19T16:54:45+00:00 ERR (3): USER ID: 0. MESSAGE: Houve um erro ao tentar excluir o website. Tente novamente. [WEBSITE009]
2016-10-19T16:54:45+00:00 ERR (3): USER ID: 0. MESSAGE: Houve um erro ao tentar excluir o website. Tente novamente. [WEBSITE009]
2016-10-19T16:54:57+00:00 ERR (3): USER ID: 0. MESSAGE: Relationshsip between website 16 and modules was not removed.
2016-10-19T16:54:58+00:00 ERR (3): USER ID: 0. MESSAGE: Houve um erro ao tentar excluir o website. Tente novamente. [WEBSITE009]
2016-10-19T16:54:58+00:00 ERR (3): USER ID: 0. MESSAGE: Houve um erro ao tentar excluir o website. Tente novamente. [WEBSITE009]
2016-10-19T16:56:10+00:00 ERR (3): USER ID: 0. MESSAGE: Relationshsip between website 16 and modules was not removed.
2016-10-19T16:56:11+00:00 ERR (3): USER ID: 0. MESSAGE: Houve um erro ao tentar excluir o website. Tente novamente. [WEBSITE009]
2016-10-19T16:56:11+00:00 ERR (3): USER ID: 0. MESSAGE: Houve um erro ao tentar excluir o website. Tente novamente. [WEBSITE009]
2016-10-19T16:57:00+00:00 ERR (3): USER ID: 0. MESSAGE: Relationshsip between website 15 and modules was not removed.
2016-10-19T16:57:01+00:00 ERR (3): USER ID: 0. MESSAGE: Houve um erro ao tentar excluir o website. Tente novamente. [WEBSITE009]
2016-10-19T16:57:01+00:00 ERR (3): USER ID: 0. MESSAGE: Houve um erro ao tentar excluir o website. Tente novamente. [WEBSITE009]
2016-10-19T16:57:07+00:00 ERR (3): USER ID: 0. MESSAGE: Relationshsip between website 6 and modules was not removed.
2016-10-19T16:57:08+00:00 ERR (3): USER ID: 0. MESSAGE: Houve um erro ao tentar excluir o website. Tente novamente. [WEBSITE009]
2016-10-19T16:57:08+00:00 ERR (3): USER ID: 0. MESSAGE: Houve um erro ao tentar excluir o website. Tente novamente. [WEBSITE009]
2016-10-19T16:58:07+00:00 ERR (3): USER ID: 0. MESSAGE: Relationshsip between website 16 and modules was not removed.
2016-10-19T16:58:08+00:00 ERR (3): USER ID: 0. MESSAGE: Houve um erro ao tentar excluir o website. Tente novamente. [WEBSITE009]
2016-10-19T16:58:08+00:00 ERR (3): USER ID: 0. MESSAGE: Houve um erro ao tentar excluir o website. Tente novamente. [WEBSITE009]
2016-10-19T16:59:18+00:00 ERR (3): USER ID: 0. MESSAGE: Relationshsip between website 15 and modules was not removed.
2016-10-19T16:59:19+00:00 ERR (3): USER ID: 0. MESSAGE: Houve um erro ao tentar excluir o website. Tente novamente. [WEBSITE009]
2016-10-19T16:59:19+00:00 ERR (3): USER ID: 0. MESSAGE: Houve um erro ao tentar excluir o website. Tente novamente. [WEBSITE009]
2016-10-19T17:02:36+00:00 ERR (3): USER ID: 0. MESSAGE: Relationshsip between website 15 and modules was not removed.
2016-10-19T17:02:37+00:00 ERR (3): USER ID: 0. MESSAGE: Houve um erro ao tentar excluir o website. Tente novamente. [WEBSITE009]
2016-10-19T17:02:37+00:00 ERR (3): USER ID: 0. MESSAGE: Houve um erro ao tentar excluir o website. Tente novamente. [WEBSITE009]
2016-10-19T17:05:58+00:00 ERR (3): USER ID: 0. MESSAGE: Relationshsip between website 15 and modules was not removed.
2016-10-19T17:05:59+00:00 WARN (4): USER ID: 0. MESSAGE: Mensagem desconhecida.
2016-10-19T17:05:59+00:00 WARN (4): USER ID: 0. MESSAGE: Mensagem desconhecida.
2016-10-19T17:07:05+00:00 ERR (3): USER ID: 0. MESSAGE: Relationshsip between website 15 and modules was not removed.
2016-10-19T17:07:06+00:00 ERR (3): USER ID: 0. MESSAGE: Houve um erro ao tentar excluir o website, não foi possível remover os módulos relacionados. Tente novamente. [WEBSITE010]
2016-10-19T17:07:06+00:00 ERR (3): USER ID: 0. MESSAGE: Houve um erro ao tentar excluir o website, não foi possível remover os módulos relacionados. Tente novamente. [WEBSITE010]
2016-10-19T17:08:56+00:00 ERR (3): USER ID: 0. MESSAGE: Relationshsip between website 15 and modules was not removed.
2016-10-19T17:11:57+00:00 ERR (3): USER ID: 0. MESSAGE: Relationshsip between website 15 and modules was not removed.
2016-10-19T17:11:59+00:00 NOTICE (5): USER ID: 0. MESSAGE: Website excluído com sucesso. [WEBSITE008]
2016-10-19T17:11:59+00:00 NOTICE (5): USER ID: 0. MESSAGE: Website excluído com sucesso. [WEBSITE008]
2016-10-19T17:12:07+00:00 ERR (3): USER ID: 0. MESSAGE: Relationshsip between website 14 and modules was not removed.
2016-10-19T17:12:09+00:00 NOTICE (5): USER ID: 0. MESSAGE: Website excluído com sucesso. [WEBSITE008]
2016-10-19T17:12:09+00:00 NOTICE (5): USER ID: 0. MESSAGE: Website excluído com sucesso. [WEBSITE008]
2016-10-19T17:12:15+00:00 ERR (3): USER ID: 0. MESSAGE: Relationshsip between website 13 and modules was not removed.
2016-10-19T17:12:16+00:00 NOTICE (5): USER ID: 0. MESSAGE: Website excluído com sucesso. [WEBSITE008]
2016-10-19T17:12:16+00:00 NOTICE (5): USER ID: 0. MESSAGE: Website excluído com sucesso. [WEBSITE008]
2016-10-19T17:12:22+00:00 ERR (3): USER ID: 0. MESSAGE: Relationshsip between website 12 and modules was not removed.
2016-10-19T17:12:24+00:00 NOTICE (5): USER ID: 0. MESSAGE: Website excluído com sucesso. [WEBSITE008]
2016-10-19T17:12:24+00:00 NOTICE (5): USER ID: 0. MESSAGE: Website excluído com sucesso. [WEBSITE008]
2016-10-19T17:12:29+00:00 ERR (3): USER ID: 0. MESSAGE: Relationshsip between website 11 and modules was not removed.
2016-10-19T17:12:31+00:00 NOTICE (5): USER ID: 0. MESSAGE: Website excluído com sucesso. [WEBSITE008]
2016-10-19T17:12:31+00:00 NOTICE (5): USER ID: 0. MESSAGE: Website excluído com sucesso. [WEBSITE008]
2016-10-19T17:12:37+00:00 ERR (3): USER ID: 0. MESSAGE: Relationshsip between website 10 and modules was not removed.
2016-10-19T17:12:38+00:00 NOTICE (5): USER ID: 0. MESSAGE: Website excluído com sucesso. [WEBSITE008]
2016-10-19T17:12:38+00:00 NOTICE (5): USER ID: 0. MESSAGE: Website excluído com sucesso. [WEBSITE008]
2016-10-19T17:12:44+00:00 ERR (3): USER ID: 0. MESSAGE: Relationshsip between website 9 and modules was not removed.
2016-10-19T17:12:45+00:00 NOTICE (5): USER ID: 0. MESSAGE: Website excluído com sucesso. [WEBSITE008]
2016-10-19T17:12:45+00:00 NOTICE (5): USER ID: 0. MESSAGE: Website excluído com sucesso. [WEBSITE008]
2016-10-19T17:12:51+00:00 ERR (3): USER ID: 0. MESSAGE: Relationshsip between website 8 and modules was not removed.
2016-10-19T17:12:52+00:00 NOTICE (5): USER ID: 0. MESSAGE: Website excluído com sucesso. [WEBSITE008]
2016-10-19T17:12:52+00:00 NOTICE (5): USER ID: 0. MESSAGE: Website excluído com sucesso. [WEBSITE008]
2016-10-19T17:12:58+00:00 ERR (3): USER ID: 0. MESSAGE: Relationshsip between website 7 and modules was not removed.
2016-10-19T17:12:59+00:00 NOTICE (5): USER ID: 0. MESSAGE: Website excluído com sucesso. [WEBSITE008]
2016-10-19T17:12:59+00:00 NOTICE (5): USER ID: 0. MESSAGE: Website excluído com sucesso. [WEBSITE008]
2016-10-19T17:13:04+00:00 ERR (3): USER ID: 0. MESSAGE: Relationshsip between website 6 and modules was not removed.
2016-10-19T17:13:05+00:00 NOTICE (5): USER ID: 0. MESSAGE: Website excluído com sucesso. [WEBSITE008]
2016-10-19T17:13:05+00:00 NOTICE (5): USER ID: 0. MESSAGE: Website excluído com sucesso. [WEBSITE008]
2016-10-19T17:13:13+00:00 ERR (3): USER ID: 0. MESSAGE: Relationshsip between website 5 and modules was not removed.
2016-10-19T17:13:14+00:00 NOTICE (5): USER ID: 0. MESSAGE: Website excluído com sucesso. [WEBSITE008]
2016-10-19T17:13:14+00:00 NOTICE (5): USER ID: 0. MESSAGE: Website excluído com sucesso. [WEBSITE008]
2016-10-19T17:13:20+00:00 ERR (3): USER ID: 0. MESSAGE: Relationshsip between website 1 and modules was not removed.
2016-10-19T17:13:21+00:00 NOTICE (5): USER ID: 0. MESSAGE: Website excluído com sucesso. [WEBSITE008]
2016-10-19T17:13:21+00:00 NOTICE (5): USER ID: 0. MESSAGE: Website excluído com sucesso. [WEBSITE008]
2016-10-19T17:13:39+00:00 NOTICE (5): USER ID: 0. MESSAGE: Website cadastrado com sucesso. Deseja cadastrar outro website? [WEBSITE001]
2016-10-19T17:16:22+00:00 NOTICE (5): USER ID: 0. MESSAGE: Website cadastrado com sucesso. Deseja cadastrar outro website? [WEBSITE001]
2016-10-19T17:16:30+00:00 ERR (3): USER ID: 0. MESSAGE: Relationshsip between website 25 and modules was not removed.
2016-10-19T17:16:31+00:00 NOTICE (5): USER ID: 0. MESSAGE: Website excluído com sucesso. [WEBSITE008]
2016-10-19T17:16:31+00:00 NOTICE (5): USER ID: 0. MESSAGE: Website excluído com sucesso. [WEBSITE008]
2016-10-19T17:18:31+00:00 ERR (3): USER ID: 0. MESSAGE: Relationshsip between website 24 and modules was not removed.
2016-10-19T17:18:32+00:00 NOTICE (5): USER ID: 0. MESSAGE: Website excluído com sucesso. [WEBSITE008]
2016-10-19T17:18:32+00:00 NOTICE (5): USER ID: 0. MESSAGE: Website excluído com sucesso. [WEBSITE008]
2016-10-19T17:22:13+00:00 NOTICE (5): USER ID: 0. MESSAGE: Website cadastrado com sucesso. Deseja cadastrar outro website? [WEBSITE001]
2016-10-19T17:22:22+00:00 ERR (3): USER ID: 0. MESSAGE: Relationshsip between website 28 and modules was not removed.
2016-10-19T17:22:23+00:00 NOTICE (5): USER ID: 0. MESSAGE: Website excluído com sucesso. [WEBSITE008]
2016-10-19T17:22:23+00:00 NOTICE (5): USER ID: 0. MESSAGE: Website excluído com sucesso. [WEBSITE008]
2016-10-19T17:22:30+00:00 ERR (3): USER ID: 0. MESSAGE: Relationshsip between website 27 and modules was not removed.
2016-10-19T17:22:31+00:00 NOTICE (5): USER ID: 0. MESSAGE: Website excluído com sucesso. [WEBSITE008]
2016-10-19T17:22:31+00:00 NOTICE (5): USER ID: 0. MESSAGE: Website excluído com sucesso. [WEBSITE008]
2016-10-19T17:22:37+00:00 ERR (3): USER ID: 0. MESSAGE: Relationshsip between website 26 and modules was not removed.
2016-10-19T17:22:38+00:00 NOTICE (5): USER ID: 0. MESSAGE: Website excluído com sucesso. [WEBSITE008]
2016-10-19T17:22:38+00:00 NOTICE (5): USER ID: 0. MESSAGE: Website excluído com sucesso. [WEBSITE008]
2016-10-19T17:22:58+00:00 ERR (3): USER ID: 0. MESSAGE: Relationshsip between website 29 and modules was not removed.
2016-10-19T17:22:59+00:00 NOTICE (5): USER ID: 0. MESSAGE: Website excluído com sucesso. [WEBSITE008]
2016-10-19T17:22:59+00:00 NOTICE (5): USER ID: 0. MESSAGE: Website excluído com sucesso. [WEBSITE008]
2016-10-19T17:23:17+00:00 NOTICE (5): USER ID: 0. MESSAGE: Website cadastrado com sucesso. Deseja cadastrar outro website? [WEBSITE001]
2016-10-19T17:49:12+00:00 ERR (3): USER ID: 0. MESSAGE: Falha ao alterar website. Tente novamente. [WEBSITE005]
2016-10-19T17:49:54+00:00 ERR (3): USER ID: 0. MESSAGE: Falha ao alterar website. Tente novamente. [WEBSITE005]
2016-10-19T17:53:03+00:00 ERR (3): USER ID: 0. MESSAGE: Falha ao alterar website. Tente novamente. [WEBSITE005]
2016-10-19T17:53:20+00:00 ERR (3): USER ID: 0. MESSAGE: Falha ao alterar website. Tente novamente. [WEBSITE005]
2016-10-19T17:59:42+00:00 ERR (3): USER ID: 0. MESSAGE: Falha ao alterar website. Tente novamente. [WEBSITE005]
2016-10-19T18:07:48+00:00 NOTICE (5): USER ID: 0. MESSAGE: Website alterado com sucesso. [WEBSITE004]
2016-10-19T18:07:58+00:00 NOTICE (5): USER ID: 0. MESSAGE: Website alterado com sucesso. [WEBSITE004]
2016-10-19T18:08:24+00:00 NOTICE (5): USER ID: 0. MESSAGE: Website alterado com sucesso. [WEBSITE004]
2016-10-19T18:08:33+00:00 ERR (3): USER ID: 0. MESSAGE: Falha ao alterar website. Tente novamente. [WEBSITE005]
2016-10-19T18:08:43+00:00 ERR (3): USER ID: 0. MESSAGE: Falha ao alterar website. Tente novamente. [WEBSITE005]
2016-10-19T18:09:32+00:00 ERR (3): USER ID: 0. MESSAGE: Falha ao alterar website. Tente novamente. [WEBSITE005]
2016-10-19T18:37:15+00:00 ERR (3): USER ID: 0. MESSAGE: Módulos do website alterados com sucesso. [WEBSITE011]
2016-10-19T18:37:46+00:00 NOTICE (5): USER ID: 0. MESSAGE: Módulos do website alterados com sucesso. [WEBSITE011]
2016-10-19T18:38:00+00:00 NOTICE (5): USER ID: 0. MESSAGE: Website alterado com sucesso. [WEBSITE004]
2016-10-19T18:38:06+00:00 NOTICE (5): USER ID: 0. MESSAGE: Website alterado com sucesso. [WEBSITE004]
2016-10-19T19:29:21+00:00 NOTICE (5): USER ID: 0. MESSAGE: Usuário cadastrado com sucesso. Deseja cadastrar outro usuário? [USER001]
2016-10-19T20:12:56+00:00 NOTICE (5): USER ID: 0. MESSAGE: This Website 30 and/or this user 4 was not found.
2016-10-19T20:13:40+00:00 NOTICE (5): USER ID: 0. MESSAGE: Relacionamento entre usuário e website excluído com sucesso. [WEBSITE016]
2016-10-19T20:13:47+00:00 NOTICE (5): USER ID: 0. MESSAGE: Relacionamento entre usuário e website excluído com sucesso. [WEBSITE016]
2016-10-19T20:17:19+00:00 NOTICE (5): USER ID: 0. MESSAGE: Relacionamento entre usuário e website excluído com sucesso. [WEBSITE016]
2016-10-19T20:17:34+00:00 NOTICE (5): USER ID: 0. MESSAGE: Relacionamento entre usuário e website excluído com sucesso. [WEBSITE016]
2016-10-20T19:47:24+00:00 INFO (6): USER ID: 0. MESSAGE: The user 1 make login at the system.
2016-10-20T19:47:24+00:00 INFO (6): USER ID: 1. MESSAGE: User make login at the system.
2016-10-20T19:51:04+00:00 INFO (6): USER ID: 0. MESSAGE: The user 1 make login at the system.
2016-10-20T19:51:04+00:00 INFO (6): USER ID: 1. MESSAGE: User make login at the system.
2016-10-20T19:54:35+00:00 INFO (6): USER ID: 0. MESSAGE: Falha no login, dados incorretos.
2016-10-20T19:56:19+00:00 INFO (6): USER ID: 0. MESSAGE: Falha no login, dados incorretos. Verifique se o email me@williamzimmermann.com.br ou a senha estão corretos.
2016-10-20T19:58:48+00:00 INFO (6): USER ID: 0. MESSAGE: The user 1 make login at the system.
2016-10-20T19:58:48+00:00 INFO (6): USER ID: 1. MESSAGE: User make login at the system.
2016-10-20T20:10:50+00:00 INFO (6): USER ID: 0. MESSAGE: The user 1 made login.
2016-10-20T20:10:50+00:00 INFO (6): USER ID: 1. MESSAGE: User made login.
2016-10-20T20:12:04+00:00 INFO (6): USER ID: 0. MESSAGE: The user 1 made login.
2016-10-20T20:12:04+00:00 INFO (6): USER ID: 1. MESSAGE: User made login.
2016-10-20T20:13:42+00:00 INFO (6): USER ID: 0. MESSAGE: Falha no login, dados incorretos. Verifique se o email me@williamzimmermann.com.br ou a senha estão corretos.
2016-10-21T15:39:52+00:00 INFO (6): USER ID: 0. MESSAGE: The user 1 made login.
2016-10-21T15:39:52+00:00 INFO (6): USER ID: 1. MESSAGE: User made login.
2016-10-21T20:18:42+00:00 INFO (6): USER ID: 0. MESSAGE: User 1 made LOGOUT.
2016-10-24T15:40:24+00:00 INFO (6): USER ID: 0. MESSAGE: User made login.
2016-10-25T16:05:35+00:00 INFO (6): USER ID: 0. MESSAGE: User made login.
2016-10-25T19:05:55+00:00 INFO (6): USER ID: 0. MESSAGE: User 1 made LOGOUT.
2016-10-25T19:06:00+00:00 INFO (6): USER ID: 0. MESSAGE: User made login.
2016-10-25T19:06:47+00:00 INFO (6): USER ID: 0. MESSAGE: User 2 made LOGOUT.
2016-10-25T19:07:02+00:00 INFO (6): USER ID: 0. MESSAGE: User made login.
2016-10-26T15:37:34+00:00 INFO (6): USER ID: 0. MESSAGE: User made login.
2016-10-26T18:13:33+00:00 INFO (6): USER ID: 0. MESSAGE: User 1 made LOGOUT.
2016-10-26T18:13:48+00:00 INFO (6): USER ID: 0. MESSAGE: User made login.
2016-10-26T18:31:50+00:00 INFO (6): USER ID: 0. MESSAGE: User 1 made LOGOUT.
2016-10-26T18:32:04+00:00 INFO (6): USER ID: 0. MESSAGE: User made login.
2016-10-26T18:40:45+00:00 INFO (6): USER ID: 0. MESSAGE: User 1 made LOGOUT.
2016-10-26T18:40:59+00:00 INFO (6): USER ID: 0. MESSAGE: User made login.
2016-10-26T18:47:47+00:00 INFO (6): USER ID: 0. MESSAGE: User 4 made LOGOUT.
2016-10-26T18:48:02+00:00 INFO (6): USER ID: 0. MESSAGE: User made login.
2016-10-26T19:26:01+00:00 INFO (6): USER ID: 0. MESSAGE: User 1 made LOGOUT.
2016-10-26T19:26:13+00:00 INFO (6): USER ID: 0. MESSAGE: User made login.
2016-10-26T19:44:46+00:00 INFO (6): USER ID: 0. MESSAGE: User 5 made LOGOUT.
2016-10-26T19:45:04+00:00 INFO (6): USER ID: 0. MESSAGE: User made login.
2016-10-26T19:49:25+00:00 INFO (6): USER ID: 0. MESSAGE: User 1 made LOGOUT.
2016-10-26T19:49:35+00:00 INFO (6): USER ID: 0. MESSAGE: User made login.
2016-10-26T20:21:32+00:00 INFO (6): USER ID: 0. MESSAGE: User 6 made LOGOUT.
2016-10-27T16:21:40+00:00 INFO (6): USER ID: 0. MESSAGE: User made login.
2016-10-27T17:55:28+00:00 INFO (6): USER ID: 0. MESSAGE: User 1 made LOGOUT.
2016-10-27T17:55:34+00:00 INFO (6): USER ID: 0. MESSAGE: User made login.
2016-10-27T18:50:05+00:00 INFO (6): USER ID: 0. MESSAGE: User 6 made LOGOUT.
2016-10-27T18:50:12+00:00 INFO (6): USER ID: 0. MESSAGE: User made login.
2016-10-27T19:46:17+00:00 INFO (6): USER ID: 0. MESSAGE: User 7 made LOGOUT.
2016-10-27T19:46:42+00:00 INFO (6): USER ID: 0. MESSAGE: User made login.
2016-10-27T20:30:46+00:00 INFO (6): USER ID: 0. MESSAGE: User 1 made LOGOUT.
2016-10-28T15:38:54+00:00 INFO (6): USER ID: 0. MESSAGE: User made login.
2016-10-31T15:32:09+00:00 INFO (6): USER ID: 0. MESSAGE: User made login.
2016-11-01T16:08:24+00:00 INFO (6): USER ID: 0. MESSAGE: User made login.
2016-11-04T15:40:10+00:00 INFO (6): USER ID: 0. MESSAGE: User made login.
2016-11-07T15:42:50+00:00 INFO (6): USER ID: 0. MESSAGE: User made login.
2016-11-08T15:43:34+00:00 INFO (6): USER ID: 0. MESSAGE: User made login.
2016-11-09T16:01:20+00:00 INFO (6): USER ID: 0. MESSAGE: User made login.
2016-11-10T15:37:27+00:00 INFO (6): USER ID: 0. MESSAGE: User made login.
2016-11-11T15:43:41+00:00 INFO (6): USER ID: 0. MESSAGE: User made login.
2016-11-14T18:08:12+00:00 INFO (6): USER ID: 0. MESSAGE: User made login.
2016-11-16T17:37:12+00:00 INFO (6): USER ID: 0. MESSAGE: User made login.
2016-11-25T16:31:58+00:00 INFO (6): USER ID: 0. MESSAGE: User made login.
2016-11-28T19:05:57+00:00 INFO (6): USER ID: 0. MESSAGE: User made login.
2016-11-28T20:20:48+00:00 INFO (6): USER ID: 0. MESSAGE: User 1 made LOGOUT.
2016-11-29T16:27:34+00:00 INFO (6): USER ID: 0. MESSAGE: User made login.
2016-11-30T16:00:33+00:00 INFO (6): USER ID: 0. MESSAGE: User made login.
2016-12-01T16:24:40+00:00 INFO (6): USER ID: 0. MESSAGE: User made login.
2016-12-02T19:57:05+00:00 INFO (6): USER ID: 0. MESSAGE: User made login.
2016-12-05T16:25:53+00:00 INFO (6): USER ID: 0. MESSAGE: User made login.
2016-12-06T15:48:16+00:00 INFO (6): USER ID: 0. MESSAGE: User made login.
