2016-10-20T19:47:24+00:00 INFO (6): USER ID: 1. MESSAGE: User make login at the system.
2016-10-20T19:51:04+00:00 INFO (6): USER ID: 1. MESSAGE: User make login at the system.
2016-10-20T19:58:48+00:00 INFO (6): USER ID: 1. MESSAGE: User make login at the system.
2016-10-20T20:10:50+00:00 INFO (6): USER ID: 1. MESSAGE: User made login.
2016-10-20T20:12:04+00:00 INFO (6): USER ID: 1. MESSAGE: User made login.
2016-10-20T20:12:48+00:00 INFO (6): USER ID: 1. MESSAGE: User 1 made LOGOUT.
2016-10-21T15:39:52+00:00 INFO (6): USER ID: 1. MESSAGE: User made login.
2016-10-21T17:11:25+00:00 NOTICE (5): USER ID: 1. MESSAGE: Senha do usuário 2 alterada com sucesso. [USER012]
2016-10-21T18:28:21+00:00 NOTICE (5): USER ID: 1. MESSAGE: Website cadastrado com sucesso. Deseja cadastrar outro website? [WEBSITE001]
2016-10-21T19:39:36+00:00 NOTICE (5): USER ID: 1. MESSAGE: Módulos do website alterados com sucesso. [WEBSITE011]
2016-10-25T18:35:18+00:00 NOTICE (5): USER ID: 1. MESSAGE: Permissões do usuário 4 alteradas com sucessos. [USER014]
2016-10-25T18:35:18+00:00 NOTICE (5): USER ID: 1. MESSAGE: Permissões do usuário 4 alteradas com sucessos. [USER014]
2016-10-25T18:35:18+00:00 NOTICE (5): USER ID: 1. MESSAGE: Permissões do usuário 4 alteradas com sucessos. [USER014]
2016-10-25T18:35:18+00:00 NOTICE (5): USER ID: 1. MESSAGE: Permissões do usuário 4 alteradas com sucessos. [USER014]
2016-10-25T18:35:18+00:00 NOTICE (5): USER ID: 1. MESSAGE: Permissões do usuário 4 alteradas com sucessos. [USER014]
2016-10-25T18:35:18+00:00 NOTICE (5): USER ID: 1. MESSAGE: Permissões do usuário 4 alteradas com sucessos. [USER014]
2016-10-25T18:35:18+00:00 NOTICE (5): USER ID: 1. MESSAGE: Permissões do usuário 4 alteradas com sucessos. [USER014]
2016-10-25T18:35:18+00:00 NOTICE (5): USER ID: 1. MESSAGE: Permissões do usuário 4 alteradas com sucessos. [USER014]
2016-10-25T18:35:18+00:00 NOTICE (5): USER ID: 1. MESSAGE: Permissões do usuário 4 alteradas com sucessos. [USER014]
2016-10-25T18:35:18+00:00 NOTICE (5): USER ID: 1. MESSAGE: Permissões do usuário 4 alteradas com sucessos. [USER014]
2016-10-25T18:36:12+00:00 NOTICE (5): USER ID: 1. MESSAGE: Permissões do usuário 4 alteradas com sucesso. [USER014]
2016-10-25T18:36:13+00:00 NOTICE (5): USER ID: 1. MESSAGE: Permissões do usuário 4 alteradas com sucesso. [USER014]
2016-10-25T18:36:13+00:00 NOTICE (5): USER ID: 1. MESSAGE: Permissões do usuário 4 alteradas com sucesso. [USER014]
2016-10-25T18:36:13+00:00 NOTICE (5): USER ID: 1. MESSAGE: Permissões do usuário 4 alteradas com sucesso. [USER014]
2016-10-25T18:36:13+00:00 NOTICE (5): USER ID: 1. MESSAGE: Permissões do usuário 4 alteradas com sucesso. [USER014]
2016-10-25T18:36:13+00:00 NOTICE (5): USER ID: 1. MESSAGE: Permissões do usuário 4 alteradas com sucesso. [USER014]
2016-10-25T18:36:13+00:00 NOTICE (5): USER ID: 1. MESSAGE: Permissões do usuário 4 alteradas com sucesso. [USER014]
2016-10-25T18:36:13+00:00 NOTICE (5): USER ID: 1. MESSAGE: Permissões do usuário 4 alteradas com sucesso. [USER014]
2016-10-25T18:36:13+00:00 NOTICE (5): USER ID: 1. MESSAGE: Permissões do usuário 4 alteradas com sucesso. [USER014]
2016-10-25T18:36:13+00:00 NOTICE (5): USER ID: 1. MESSAGE: Permissões do usuário 4 alteradas com sucesso. [USER014]
2016-10-25T18:52:29+00:00 NOTICE (5): USER ID: 1. MESSAGE: Permissões do usuário 4 alteradas com sucesso. [USER014]
2016-10-25T18:52:29+00:00 NOTICE (5): USER ID: 1. MESSAGE: Permissões do usuário 4 alteradas com sucesso. [USER014]
2016-10-25T18:52:29+00:00 NOTICE (5): USER ID: 1. MESSAGE: Permissões do usuário 4 alteradas com sucesso. [USER014]
2016-10-25T18:52:29+00:00 NOTICE (5): USER ID: 1. MESSAGE: Permissões do usuário 4 alteradas com sucesso. [USER014]
2016-10-25T18:52:29+00:00 NOTICE (5): USER ID: 1. MESSAGE: Permissões do usuário 4 alteradas com sucesso. [USER014]
2016-10-25T18:52:29+00:00 NOTICE (5): USER ID: 1. MESSAGE: Permissões do usuário 4 alteradas com sucesso. [USER014]
2016-10-25T19:00:07+00:00 NOTICE (5): USER ID: 1. MESSAGE: Permissões do usuário 4 alteradas com sucesso. [USER014]
2016-10-25T19:00:07+00:00 NOTICE (5): USER ID: 1. MESSAGE: Permissões do usuário 4 alteradas com sucesso. [USER014]
2016-10-25T19:00:07+00:00 NOTICE (5): USER ID: 1. MESSAGE: Permissões do usuário 4 alteradas com sucesso. [USER014]
2016-10-25T19:00:07+00:00 NOTICE (5): USER ID: 1. MESSAGE: Permissões do usuário 4 alteradas com sucesso. [USER014]
2016-10-25T19:00:07+00:00 NOTICE (5): USER ID: 1. MESSAGE: Permissões do usuário 4 alteradas com sucesso. [USER014]
2016-10-25T19:00:07+00:00 NOTICE (5): USER ID: 1. MESSAGE: Permissões do usuário 4 alteradas com sucesso. [USER014]
2016-10-25T19:00:55+00:00 ERR (3): USER ID: 1. MESSAGE: Falha ao tentar alterar a senha do usuário 2. [USER013]
2016-10-25T19:05:35+00:00 ERR (3): USER ID: 1. MESSAGE: Falha ao tentar alterar a senha do usuário 2. [USER013]
2016-10-25T19:08:53+00:00 NOTICE (5): USER ID: 1. MESSAGE: Website cadastrado com sucesso. Deseja cadastrar outro website? [WEBSITE001]
2016-10-25T19:10:04+00:00 NOTICE (5): USER ID: 1. MESSAGE: Permissões do usuário 2 alteradas com sucesso. [USER014]
2016-10-26T15:56:09+00:00 NOTICE (5): USER ID: 1. MESSAGE: Permissões do usuário 1 alteradas com sucesso. [USER014]
2016-10-26T15:56:09+00:00 NOTICE (5): USER ID: 1. MESSAGE: Permissões do usuário 1 alteradas com sucesso. [USER014]
2016-10-26T15:56:09+00:00 NOTICE (5): USER ID: 1. MESSAGE: Permissões do usuário 1 alteradas com sucesso. [USER014]
2016-10-26T15:56:09+00:00 NOTICE (5): USER ID: 1. MESSAGE: Permissões do usuário 1 alteradas com sucesso. [USER014]
2016-10-26T15:56:09+00:00 NOTICE (5): USER ID: 1. MESSAGE: Permissões do usuário 1 alteradas com sucesso. [USER014]
2016-10-26T15:56:09+00:00 NOTICE (5): USER ID: 1. MESSAGE: Permissões do usuário 1 alteradas com sucesso. [USER014]
2016-10-26T15:57:25+00:00 NOTICE (5): USER ID: 1. MESSAGE: Permissões do usuário 1 alteradas com sucesso. [USER014]
2016-10-26T15:57:25+00:00 NOTICE (5): USER ID: 1. MESSAGE: Permissões do usuário 1 alteradas com sucesso. [USER014]
2016-10-26T15:57:25+00:00 NOTICE (5): USER ID: 1. MESSAGE: Permissões do usuário 1 alteradas com sucesso. [USER014]
2016-10-26T15:57:25+00:00 NOTICE (5): USER ID: 1. MESSAGE: Permissões do usuário 1 alteradas com sucesso. [USER014]
2016-10-26T15:57:25+00:00 NOTICE (5): USER ID: 1. MESSAGE: Permissões do usuário 1 alteradas com sucesso. [USER014]
2016-10-26T15:57:25+00:00 NOTICE (5): USER ID: 1. MESSAGE: Permissões do usuário 1 alteradas com sucesso. [USER014]
2016-10-26T15:59:16+00:00 NOTICE (5): USER ID: 1. MESSAGE: Permissões do usuário 1 alteradas com sucesso. [USER014]
2016-10-26T15:59:16+00:00 NOTICE (5): USER ID: 1. MESSAGE: Permissões do usuário 1 alteradas com sucesso. [USER014]
2016-10-26T15:59:16+00:00 NOTICE (5): USER ID: 1. MESSAGE: Permissões do usuário 1 alteradas com sucesso. [USER014]
2016-10-26T15:59:16+00:00 NOTICE (5): USER ID: 1. MESSAGE: Permissões do usuário 1 alteradas com sucesso. [USER014]
2016-10-26T15:59:16+00:00 NOTICE (5): USER ID: 1. MESSAGE: Permissões do usuário 1 alteradas com sucesso. [USER014]
2016-10-26T15:59:16+00:00 NOTICE (5): USER ID: 1. MESSAGE: Permissões do usuário 1 alteradas com sucesso. [USER014]
2016-10-26T15:59:31+00:00 NOTICE (5): USER ID: 1. MESSAGE: Permissões do usuário 1 alteradas com sucesso. [USER014]
2016-10-26T15:59:31+00:00 NOTICE (5): USER ID: 1. MESSAGE: Permissões do usuário 1 alteradas com sucesso. [USER014]
2016-10-26T15:59:31+00:00 NOTICE (5): USER ID: 1. MESSAGE: Permissões do usuário 1 alteradas com sucesso. [USER014]
2016-10-26T15:59:31+00:00 NOTICE (5): USER ID: 1. MESSAGE: Permissões do usuário 1 alteradas com sucesso. [USER014]
2016-10-26T15:59:31+00:00 NOTICE (5): USER ID: 1. MESSAGE: Permissões do usuário 1 alteradas com sucesso. [USER014]
2016-10-26T15:59:31+00:00 NOTICE (5): USER ID: 1. MESSAGE: Permissões do usuário 1 alteradas com sucesso. [USER014]
2016-10-26T18:39:55+00:00 NOTICE (5): USER ID: 1. MESSAGE: Módulos do website alterados com sucesso. [WEBSITE011]
2016-10-26T18:40:28+00:00 NOTICE (5): USER ID: 1. MESSAGE: Permissões do usuário 4 alteradas com sucesso. [USER014]
2016-10-26T18:40:28+00:00 NOTICE (5): USER ID: 1. MESSAGE: Permissões do usuário 4 alteradas com sucesso. [USER014]
2016-10-26T18:40:28+00:00 NOTICE (5): USER ID: 1. MESSAGE: Permissões do usuário 4 alteradas com sucesso. [USER014]
2016-10-26T18:54:41+00:00 ERR (3): USER ID: 1. MESSAGE: Houve um erro ao tentar excluir o usuário. Tente novamente. [USER011]
2016-10-26T19:05:07+00:00 ERR (3): USER ID: 1. MESSAGE: Houve um erro ao tentar excluir o usuário. Tente novamente. [USER011]
2016-10-26T19:07:21+00:00 NOTICE (5): USER ID: 1. MESSAGE: Website cadastrado com sucesso. Deseja cadastrar outro website? [WEBSITE001]
2016-10-26T19:08:26+00:00 CRIT (2): USER ID: 1. MESSAGE: Falha ao tentar remover o usuário  Houve uma falha ao tentar remover as permissões dele. [USER017]
2016-10-26T19:16:11+00:00 NOTICE (5): USER ID: 1. MESSAGE: Usuário excluído com sucesso. [USER010]
2016-10-26T19:17:33+00:00 NOTICE (5): USER ID: 1. MESSAGE: This user 1 was not found. Will redirect to index page.
2016-10-26T19:17:40+00:00 NOTICE (5): USER ID: 1. MESSAGE: This user 1 was not found. Will redirect to index page.
2016-10-26T19:22:50+00:00 NOTICE (5): USER ID: 1. MESSAGE: Empresa cadastrada com sucesso. Deseja cadastrar outra empresa? [COMPANY001]
2016-10-26T19:23:18+00:00 NOTICE (5): USER ID: 1. MESSAGE: Website alterado com sucesso. [WEBSITE004]
2016-10-26T19:24:34+00:00 NOTICE (5): USER ID: 1. MESSAGE: Usuário cadastrado com sucesso. Deseja cadastrar outro usuário? [USER001]
2016-10-26T19:25:11+00:00 NOTICE (5): USER ID: 1. MESSAGE: Módulos do website alterados com sucesso. [WEBSITE011]
2016-10-26T19:25:34+00:00 NOTICE (5): USER ID: 1. MESSAGE: Usuário alterado com sucesso. [USER005]
2016-10-26T19:25:47+00:00 NOTICE (5): USER ID: 1. MESSAGE: Permissões do usuário 5 alteradas com sucesso. [USER014]
2016-10-26T19:25:47+00:00 NOTICE (5): USER ID: 1. MESSAGE: Permissões do usuário 5 alteradas com sucesso. [USER014]
2016-10-26T19:25:47+00:00 NOTICE (5): USER ID: 1. MESSAGE: Permissões do usuário 5 alteradas com sucesso. [USER014]
2016-10-26T19:47:28+00:00 NOTICE (5): USER ID: 1. MESSAGE: Usuário excluído com sucesso. [USER010]
2016-10-26T19:47:51+00:00 NOTICE (5): USER ID: 1. MESSAGE: Módulos do website alterados com sucesso. [WEBSITE011]
2016-10-26T19:48:29+00:00 NOTICE (5): USER ID: 1. MESSAGE: Usuário cadastrado com sucesso. Deseja cadastrar outro usuário? [USER001]
2016-10-26T19:49:20+00:00 NOTICE (5): USER ID: 1. MESSAGE: Permissões do usuário 6 alteradas com sucesso. [USER014]
2016-10-26T19:49:20+00:00 NOTICE (5): USER ID: 1. MESSAGE: Permissões do usuário 6 alteradas com sucesso. [USER014]
2016-10-26T19:49:20+00:00 NOTICE (5): USER ID: 1. MESSAGE: Permissões do usuário 6 alteradas com sucesso. [USER014]
2016-10-26T19:49:20+00:00 NOTICE (5): USER ID: 1. MESSAGE: Permissões do usuário 6 alteradas com sucesso. [USER014]
2016-10-26T19:49:20+00:00 NOTICE (5): USER ID: 1. MESSAGE: Permissões do usuário 6 alteradas com sucesso. [USER014]
2016-10-26T19:49:20+00:00 NOTICE (5): USER ID: 1. MESSAGE: Permissões do usuário 6 alteradas com sucesso. [USER014]
2016-10-27T17:28:41+00:00 NOTICE (5): USER ID: 1. MESSAGE: Relacionamento entre usuário e website excluído com sucesso. [WEBSITE016]
2016-10-27T17:28:45+00:00 NOTICE (5): USER ID: 1. MESSAGE: Relacionamento entre usuário e website excluído com sucesso. [WEBSITE016]
2016-10-27T17:46:29+00:00 NOTICE (5): USER ID: 1. MESSAGE: Permissões do usuário 1 alteradas com sucesso. [USER014]
2016-10-27T17:46:29+00:00 NOTICE (5): USER ID: 1. MESSAGE: Permissões do usuário 1 alteradas com sucesso. [USER014]
2016-10-27T17:46:29+00:00 NOTICE (5): USER ID: 1. MESSAGE: Permissões do usuário 1 alteradas com sucesso. [USER014]
2016-10-27T17:46:29+00:00 NOTICE (5): USER ID: 1. MESSAGE: Permissões do usuário 1 alteradas com sucesso. [USER014]
2016-10-27T17:46:29+00:00 NOTICE (5): USER ID: 1. MESSAGE: Permissões do usuário 1 alteradas com sucesso. [USER014]
2016-10-27T17:46:29+00:00 NOTICE (5): USER ID: 1. MESSAGE: Permissões do usuário 1 alteradas com sucesso. [USER014]
2016-10-27T17:46:29+00:00 NOTICE (5): USER ID: 1. MESSAGE: Permissões do usuário 1 alteradas com sucesso. [USER014]
2016-10-27T17:46:29+00:00 NOTICE (5): USER ID: 1. MESSAGE: Permissões do usuário 1 alteradas com sucesso. [USER014]
2016-10-27T17:46:29+00:00 NOTICE (5): USER ID: 1. MESSAGE: Permissões do usuário 1 alteradas com sucesso. [USER014]
2016-10-27T17:46:29+00:00 NOTICE (5): USER ID: 1. MESSAGE: Permissões do usuário 1 alteradas com sucesso. [USER014]
2016-10-27T17:46:29+00:00 NOTICE (5): USER ID: 1. MESSAGE: Permissões do usuário 1 alteradas com sucesso. [USER014]
2016-10-27T17:46:29+00:00 NOTICE (5): USER ID: 1. MESSAGE: Permissões do usuário 1 alteradas com sucesso. [USER014]
2016-10-27T17:46:29+00:00 NOTICE (5): USER ID: 1. MESSAGE: Permissões do usuário 1 alteradas com sucesso. [USER014]
2016-10-27T17:46:29+00:00 NOTICE (5): USER ID: 1. MESSAGE: Permissões do usuário 1 alteradas com sucesso. [USER014]
2016-10-27T17:46:29+00:00 NOTICE (5): USER ID: 1. MESSAGE: Permissões do usuário 1 alteradas com sucesso. [USER014]
2016-10-27T17:46:29+00:00 NOTICE (5): USER ID: 1. MESSAGE: Permissões do usuário 1 alteradas com sucesso. [USER014]
2016-10-27T17:46:29+00:00 NOTICE (5): USER ID: 1. MESSAGE: Permissões do usuário 1 alteradas com sucesso. [USER014]
2016-10-27T17:46:29+00:00 NOTICE (5): USER ID: 1. MESSAGE: Permissões do usuário 1 alteradas com sucesso. [USER014]
2016-10-27T17:46:29+00:00 NOTICE (5): USER ID: 1. MESSAGE: Permissões do usuário 1 alteradas com sucesso. [USER014]
2016-10-27T17:46:29+00:00 NOTICE (5): USER ID: 1. MESSAGE: Permissões do usuário 1 alteradas com sucesso. [USER014]
2016-10-27T17:46:29+00:00 NOTICE (5): USER ID: 1. MESSAGE: Permissões do usuário 1 alteradas com sucesso. [USER014]
2016-10-27T17:52:19+00:00 NOTICE (5): USER ID: 1. MESSAGE: Permissões do usuário 6 alteradas com sucesso. [USER014]
2016-10-27T17:52:19+00:00 NOTICE (5): USER ID: 1. MESSAGE: Permissões do usuário 6 alteradas com sucesso. [USER014]
2016-10-27T17:52:19+00:00 NOTICE (5): USER ID: 1. MESSAGE: Permissões do usuário 6 alteradas com sucesso. [USER014]
2016-10-27T17:52:19+00:00 NOTICE (5): USER ID: 1. MESSAGE: Permissões do usuário 6 alteradas com sucesso. [USER014]
2016-10-27T17:52:19+00:00 NOTICE (5): USER ID: 1. MESSAGE: Permissões do usuário 6 alteradas com sucesso. [USER014]
2016-10-27T17:52:19+00:00 NOTICE (5): USER ID: 1. MESSAGE: Permissões do usuário 6 alteradas com sucesso. [USER014]
2016-10-27T17:53:34+00:00 NOTICE (5): USER ID: 1. MESSAGE: Relacionamento entre usuário e website excluído com sucesso. [WEBSITE016]
2016-10-27T17:53:46+00:00 NOTICE (5): USER ID: 1. MESSAGE: Relacionamento entre usuário e website excluído com sucesso. [WEBSITE016]
2016-10-27T17:53:57+00:00 NOTICE (5): USER ID: 1. MESSAGE: Módulos do website alterados com sucesso. [WEBSITE011]
2016-10-27T17:55:19+00:00 NOTICE (5): USER ID: 1. MESSAGE: Permissões do usuário 6 alteradas com sucesso. [USER014]
2016-10-27T17:55:19+00:00 NOTICE (5): USER ID: 1. MESSAGE: Permissões do usuário 6 alteradas com sucesso. [USER014]
2016-10-27T17:55:19+00:00 NOTICE (5): USER ID: 1. MESSAGE: Permissões do usuário 6 alteradas com sucesso. [USER014]
2016-10-27T17:55:19+00:00 NOTICE (5): USER ID: 1. MESSAGE: Permissões do usuário 6 alteradas com sucesso. [USER014]
2016-10-27T17:55:19+00:00 NOTICE (5): USER ID: 1. MESSAGE: Permissões do usuário 6 alteradas com sucesso. [USER014]
2016-10-27T17:55:19+00:00 NOTICE (5): USER ID: 1. MESSAGE: Permissões do usuário 6 alteradas com sucesso. [USER014]
2016-10-27T17:55:19+00:00 NOTICE (5): USER ID: 1. MESSAGE: Permissões do usuário 6 alteradas com sucesso. [USER014]
2016-10-27T17:55:19+00:00 NOTICE (5): USER ID: 1. MESSAGE: Permissões do usuário 6 alteradas com sucesso. [USER014]
2016-10-27T17:55:19+00:00 NOTICE (5): USER ID: 1. MESSAGE: Permissões do usuário 6 alteradas com sucesso. [USER014]
2016-10-27T17:55:19+00:00 NOTICE (5): USER ID: 1. MESSAGE: Permissões do usuário 6 alteradas com sucesso. [USER014]
2016-11-01T17:37:20+00:00 NOTICE (5): USER ID: 1. MESSAGE: Website cadastrado com sucesso. Deseja cadastrar outro website? [WEBSITE001]
2016-11-01T17:44:54+00:00 NOTICE (5): USER ID: 1. MESSAGE: Files directory for website 33 was succeful removed.
2016-11-01T17:44:54+00:00 NOTICE (5): USER ID: 1. MESSAGE: Website excluído com sucesso. [WEBSITE008]
2016-11-01T17:44:54+00:00 NOTICE (5): USER ID: 1. MESSAGE: Website excluído com sucesso. [WEBSITE008]
2016-11-01T19:17:11+00:00 NOTICE (5): USER ID: 1. MESSAGE: Imagem cadastrada com sucesso. [DBIMAGE001]
2016-11-01T19:17:12+00:00 NOTICE (5): USER ID: 1. MESSAGE: Imagem cadastrada com sucesso. [DBIMAGE001]
2016-11-01T19:56:39+00:00 NOTICE (5): USER ID: 1. MESSAGE: Imagem cadastrada com sucesso. [DBIMAGE001]
2016-11-01T20:04:07+00:00 NOTICE (5): USER ID: 1. MESSAGE: Imagem cadastrada com sucesso. [DBIMAGE001]
2016-11-03T17:14:26+00:00 CRIT (2): USER ID: 1. MESSAGE: Falha ao alterar imagem no banco de dados. [DBIMAGE004]
2016-11-03T17:14:41+00:00 CRIT (2): USER ID: 1. MESSAGE: Falha ao alterar imagem no banco de dados. [DBIMAGE004]
2016-11-03T17:14:52+00:00 CRIT (2): USER ID: 1. MESSAGE: Falha ao alterar imagem no banco de dados. [DBIMAGE004]
2016-11-03T17:16:44+00:00 CRIT (2): USER ID: 1. MESSAGE: Falha ao alterar imagem no banco de dados. [DBIMAGE004]
2016-11-03T17:20:22+00:00 CRIT (2): USER ID: 1. MESSAGE: Falha ao alterar imagem no banco de dados. [DBIMAGE004]
2016-11-03T19:31:57+00:00 NOTICE (5): USER ID: 1. MESSAGE: Imagem . removida com sucesso do banco de dados. [DBIMAGE006]
2016-11-03T19:32:51+00:00 NOTICE (5): USER ID: 1. MESSAGE: Imagem . removida com sucesso do banco de dados. [DBIMAGE006]
2016-11-03T19:33:24+00:00 NOTICE (5): USER ID: 1. MESSAGE: Imagem alterada com sucesso. [DBIMAGE003]
2016-11-04T16:59:38+00:00 NOTICE (5): USER ID: 1. MESSAGE: Página cadastrada com sucesso. Deseja cadastrar outro página? [PAGE001]
2016-11-04T17:02:21+00:00 NOTICE (5): USER ID: 1. MESSAGE: Página cadastrada com sucesso. Deseja cadastrar outra página? [PAGE001]
2016-11-04T18:24:25+00:00 NOTICE (5): USER ID: 1. MESSAGE: Página alterada com sucesso. [PAGE004]
2016-11-04T18:25:16+00:00 NOTICE (5): USER ID: 1. MESSAGE: Página alterada com sucesso. [PAGE004]
2016-11-04T18:25:39+00:00 NOTICE (5): USER ID: 1. MESSAGE: Página alterada com sucesso. [PAGE004]
2016-11-04T18:25:51+00:00 NOTICE (5): USER ID: 1. MESSAGE: Página alterada com sucesso. [PAGE004]
2016-11-04T18:32:48+00:00 NOTICE (5): USER ID: 1. MESSAGE: Página cadastrada com sucesso. Deseja cadastrar outra página? [PAGE001]
2016-11-04T18:33:00+00:00 NOTICE (5): USER ID: 1. MESSAGE: Página () excluída com sucesso. [PAGE007]
2016-11-04T18:34:28+00:00 ERR (3): USER ID: 1. MESSAGE: Houve um erro ao tentar excluir a página (3). [PAGE008]
2016-11-08T16:13:31+00:00 NOTICE (5): USER ID: 1. MESSAGE: Idioma(s) adicionados ao website. [WEBSITE018]
2016-11-08T16:13:50+00:00 NOTICE (5): USER ID: 1. MESSAGE: Idioma(s) adicionados ao website. [WEBSITE018]
2016-11-08T16:14:39+00:00 NOTICE (5): USER ID: 1. MESSAGE: Idioma(s) adicionados ao website. [WEBSITE018]
2016-11-08T16:15:44+00:00 NOTICE (5): USER ID: 1. MESSAGE: Idioma(s) adicionados ao website. [WEBSITE018]
2016-11-08T16:20:23+00:00 NOTICE (5): USER ID: 1. MESSAGE: Idioma(s) adicionados ao website. [WEBSITE018]
2016-11-08T16:20:23+00:00 NOTICE (5): USER ID: 1. MESSAGE: Idioma(s) adicionados ao website. [WEBSITE018]
2016-11-08T16:20:23+00:00 NOTICE (5): USER ID: 1. MESSAGE: Idioma(s) adicionados ao website. [WEBSITE018]
2016-11-08T16:20:23+00:00 NOTICE (5): USER ID: 1. MESSAGE: Idioma(s) adicionados ao website. [WEBSITE018]
2016-11-08T16:20:23+00:00 NOTICE (5): USER ID: 1. MESSAGE: Idioma(s) adicionados ao website. [WEBSITE018]
2016-11-08T16:20:23+00:00 NOTICE (5): USER ID: 1. MESSAGE: Idioma(s) adicionados ao website. [WEBSITE018]
2016-11-08T16:20:38+00:00 NOTICE (5): USER ID: 1. MESSAGE: Idioma(s) adicionados ao website. [WEBSITE018]
2016-11-08T16:20:38+00:00 NOTICE (5): USER ID: 1. MESSAGE: Idioma(s) adicionados ao website. [WEBSITE018]
2016-11-08T16:20:38+00:00 NOTICE (5): USER ID: 1. MESSAGE: Idioma(s) adicionados ao website. [WEBSITE018]
2016-11-08T16:20:38+00:00 NOTICE (5): USER ID: 1. MESSAGE: Idioma(s) adicionados ao website. [WEBSITE018]
2016-11-08T16:20:38+00:00 NOTICE (5): USER ID: 1. MESSAGE: Idioma(s) adicionados ao website. [WEBSITE018]
2016-11-08T16:20:38+00:00 NOTICE (5): USER ID: 1. MESSAGE: Idioma(s) adicionados ao website. [WEBSITE018]
2016-11-08T16:20:49+00:00 NOTICE (5): USER ID: 1. MESSAGE: Idioma(s) adicionados ao website. [WEBSITE018]
2016-11-08T16:20:49+00:00 NOTICE (5): USER ID: 1. MESSAGE: Idioma(s) adicionados ao website. [WEBSITE018]
2016-11-08T16:20:49+00:00 NOTICE (5): USER ID: 1. MESSAGE: Idioma(s) adicionados ao website. [WEBSITE018]
2016-11-08T16:20:49+00:00 NOTICE (5): USER ID: 1. MESSAGE: Idioma(s) adicionados ao website. [WEBSITE018]
2016-11-08T16:20:49+00:00 NOTICE (5): USER ID: 1. MESSAGE: Idioma(s) adicionados ao website. [WEBSITE018]
2016-11-08T16:20:49+00:00 NOTICE (5): USER ID: 1. MESSAGE: Idioma(s) adicionados ao website. [WEBSITE018]
2016-11-08T16:44:57+00:00 NOTICE (5): USER ID: 1. MESSAGE: Idioma(s) adicionados ao website. [WEBSITE018]
2016-11-08T17:10:03+00:00 NOTICE (5): USER ID: 1. MESSAGE: Idioma(s) adicionados ao website. [WEBSITE018]
2016-11-08T17:10:03+00:00 NOTICE (5): USER ID: 1. MESSAGE: Idioma(s) adicionados ao website. [WEBSITE018]
2016-11-08T17:10:03+00:00 NOTICE (5): USER ID: 1. MESSAGE: Idioma(s) adicionados ao website. [WEBSITE018]
2016-11-08T17:10:03+00:00 NOTICE (5): USER ID: 1. MESSAGE: Idioma(s) adicionados ao website. [WEBSITE018]
2016-11-08T17:10:03+00:00 NOTICE (5): USER ID: 1. MESSAGE: Idioma(s) adicionados ao website. [WEBSITE018]
2016-11-08T17:10:03+00:00 NOTICE (5): USER ID: 1. MESSAGE: Idioma(s) adicionados ao website. [WEBSITE018]
2016-11-08T17:10:03+00:00 NOTICE (5): USER ID: 1. MESSAGE: Idioma(s) adicionados ao website. [WEBSITE018]
2016-11-08T17:10:03+00:00 NOTICE (5): USER ID: 1. MESSAGE: Idioma(s) adicionados ao website. [WEBSITE018]
2016-11-08T17:10:03+00:00 NOTICE (5): USER ID: 1. MESSAGE: Idioma(s) adicionados ao website. [WEBSITE018]
2016-11-08T17:10:03+00:00 NOTICE (5): USER ID: 1. MESSAGE: Idioma(s) adicionados ao website. [WEBSITE018]
2016-11-08T17:10:09+00:00 NOTICE (5): USER ID: 1. MESSAGE: Idioma(s) adicionados ao website. [WEBSITE018]
2016-11-08T17:10:09+00:00 NOTICE (5): USER ID: 1. MESSAGE: Idioma(s) adicionados ao website. [WEBSITE018]
2016-11-08T17:10:09+00:00 NOTICE (5): USER ID: 1. MESSAGE: Idioma(s) adicionados ao website. [WEBSITE018]
2016-11-08T17:10:09+00:00 NOTICE (5): USER ID: 1. MESSAGE: Idioma(s) adicionados ao website. [WEBSITE018]
2016-11-08T17:10:09+00:00 NOTICE (5): USER ID: 1. MESSAGE: Idioma(s) adicionados ao website. [WEBSITE018]
2016-11-08T17:10:09+00:00 NOTICE (5): USER ID: 1. MESSAGE: Idioma(s) adicionados ao website. [WEBSITE018]
2016-11-09T17:51:00+00:00 NOTICE (5): USER ID: 1. MESSAGE: Página cadastrada com sucesso. Deseja cadastrar outra página? [PAGEL001]
2016-11-09T18:11:19+00:00 NOTICE (5): USER ID: 1. MESSAGE: Página alterada com sucesso. [PAGEL004]
2016-11-09T18:12:35+00:00 NOTICE (5): USER ID: 1. MESSAGE: Página cadastrada com sucesso. Deseja cadastrar outra página? [PAGEL001]
2016-11-09T18:12:45+00:00 NOTICE (5): USER ID: 1. MESSAGE: Página alterada com sucesso. [PAGEL004]
2016-11-09T18:12:56+00:00 NOTICE (5): USER ID: 1. MESSAGE: Página alterada com sucesso. [PAGEL004]
2016-11-09T18:13:50+00:00 NOTICE (5): USER ID: 1. MESSAGE: Idioma(s) adicionados ao website. [WEBSITE018]
2016-11-09T18:13:50+00:00 NOTICE (5): USER ID: 1. MESSAGE: Idioma(s) adicionados ao website. [WEBSITE018]
2016-11-09T18:13:50+00:00 NOTICE (5): USER ID: 1. MESSAGE: Idioma(s) adicionados ao website. [WEBSITE018]
2016-11-09T18:14:25+00:00 NOTICE (5): USER ID: 1. MESSAGE: Idioma(s) adicionados ao website. [WEBSITE018]
2016-11-09T18:14:26+00:00 NOTICE (5): USER ID: 1. MESSAGE: Idioma(s) adicionados ao website. [WEBSITE018]
2016-11-09T18:14:26+00:00 NOTICE (5): USER ID: 1. MESSAGE: Idioma(s) adicionados ao website. [WEBSITE018]
2016-11-09T18:14:26+00:00 NOTICE (5): USER ID: 1. MESSAGE: Idioma(s) adicionados ao website. [WEBSITE018]
2016-11-09T18:14:26+00:00 NOTICE (5): USER ID: 1. MESSAGE: Idioma(s) adicionados ao website. [WEBSITE018]
2016-11-09T18:14:26+00:00 NOTICE (5): USER ID: 1. MESSAGE: Idioma(s) adicionados ao website. [WEBSITE018]
2016-11-09T18:22:21+00:00 NOTICE (5): USER ID: 1. MESSAGE: Página cadastrada com sucesso. Deseja cadastrar outra página? [PAGE001]
2016-11-09T19:29:19+00:00 NOTICE (5): USER ID: 1. MESSAGE: Página cadastrada com sucesso. Deseja cadastrar outra página? [PAGEL001]
2016-11-09T19:29:24+00:00 NOTICE (5): USER ID: 1. MESSAGE: Página alterada com sucesso. [PAGEL004]
2016-11-09T19:29:58+00:00 NOTICE (5): USER ID: 1. MESSAGE: Página cadastrada com sucesso. Deseja cadastrar outra página? [PAGEL001]
2016-11-09T19:30:15+00:00 NOTICE (5): USER ID: 1. MESSAGE: Página (3) excluída com sucesso. [PAGE007]
2016-11-09T19:30:42+00:00 NOTICE (5): USER ID: 1. MESSAGE: Página cadastrada com sucesso. Deseja cadastrar outra página? [PAGEL001]
2016-11-09T19:31:02+00:00 NOTICE (5): USER ID: 1. MESSAGE: Página cadastrada com sucesso. Deseja cadastrar outra página? [PAGEL001]
2016-11-09T19:31:36+00:00 NOTICE (5): USER ID: 1. MESSAGE: Página cadastrada com sucesso. Deseja cadastrar outra página? [PAGEL001]
2016-11-09T19:32:13+00:00 NOTICE (5): USER ID: 1. MESSAGE: Página cadastrada com sucesso. Deseja cadastrar outra página? [PAGEL001]
2016-11-10T19:14:05+00:00 NOTICE (5): USER ID: 1. MESSAGE: Imagem cadastrada com sucesso. [DBIMAGE001]
2016-11-10T19:14:06+00:00 NOTICE (5): USER ID: 1. MESSAGE: Imagem cadastrada com sucesso. [DBIMAGE001]
2016-11-28T19:45:10+00:00 NOTICE (5): USER ID: 1. MESSAGE: Página alterada com sucesso. [PAGEL004]
2016-11-28T19:47:43+00:00 NOTICE (5): USER ID: 1. MESSAGE: Página alterada com sucesso. [PAGEL004]
2016-11-28T19:53:14+00:00 NOTICE (5): USER ID: 1. MESSAGE: Página alterada com sucesso. [PAGEL004]
2016-11-28T19:57:55+00:00 NOTICE (5): USER ID: 1. MESSAGE: Página alterada com sucesso. [PAGEL004]
2016-11-28T19:58:06+00:00 NOTICE (5): USER ID: 1. MESSAGE: Página alterada com sucesso. [PAGEL004]
2016-11-28T19:58:44+00:00 NOTICE (5): USER ID: 1. MESSAGE: Página alterada com sucesso. [PAGEL004]
2016-11-28T20:00:07+00:00 NOTICE (5): USER ID: 1. MESSAGE: Página alterada com sucesso. [PAGEL004]
2016-11-28T20:00:21+00:00 NOTICE (5): USER ID: 1. MESSAGE: Página alterada com sucesso. [PAGEL004]
2016-11-28T20:02:19+00:00 NOTICE (5): USER ID: 1. MESSAGE: Página alterada com sucesso. [PAGEL004]
2016-11-28T20:02:49+00:00 NOTICE (5): USER ID: 1. MESSAGE: Página alterada com sucesso. [PAGEL004]
2016-11-28T20:07:48+00:00 NOTICE (5): USER ID: 1. MESSAGE: Página alterada com sucesso. [PAGEL004]
2016-11-28T20:09:34+00:00 NOTICE (5): USER ID: 1. MESSAGE: Página alterada com sucesso. [PAGEL004]
2016-11-28T20:13:45+00:00 NOTICE (5): USER ID: 1. MESSAGE: Página alterada com sucesso. [PAGEL004]
2016-11-28T20:14:25+00:00 NOTICE (5): USER ID: 1. MESSAGE: Página alterada com sucesso. [PAGEL004]
2016-11-28T20:14:51+00:00 NOTICE (5): USER ID: 1. MESSAGE: Página alterada com sucesso. [PAGEL004]
2016-12-05T16:55:47+00:00 NOTICE (5): USER ID: 1. MESSAGE: Idioma(s) adicionados ao website. [WEBSITE018]
2016-12-05T16:55:47+00:00 NOTICE (5): USER ID: 1. MESSAGE: Idioma(s) adicionados ao website. [WEBSITE018]
2016-12-05T16:55:47+00:00 NOTICE (5): USER ID: 1. MESSAGE: Idioma(s) adicionados ao website. [WEBSITE018]
2016-12-05T16:55:47+00:00 NOTICE (5): USER ID: 1. MESSAGE: Idioma(s) adicionados ao website. [WEBSITE018]
2016-12-05T16:55:47+00:00 NOTICE (5): USER ID: 1. MESSAGE: Idioma(s) adicionados ao website. [WEBSITE018]
2016-12-05T16:55:47+00:00 NOTICE (5): USER ID: 1. MESSAGE: Idioma(s) adicionados ao website. [WEBSITE018]
2016-12-05T17:53:50+00:00 NOTICE (5): USER ID: 1. MESSAGE: Idioma(s) adicionados ao website. [WEBSITE018]
2016-12-05T17:53:51+00:00 NOTICE (5): USER ID: 1. MESSAGE: Idioma(s) adicionados ao website. [WEBSITE018]
2016-12-05T17:53:51+00:00 NOTICE (5): USER ID: 1. MESSAGE: Idioma(s) adicionados ao website. [WEBSITE018]
2016-12-05T17:53:51+00:00 NOTICE (5): USER ID: 1. MESSAGE: Idioma(s) adicionados ao website. [WEBSITE018]
2016-12-05T17:53:51+00:00 NOTICE (5): USER ID: 1. MESSAGE: Idioma(s) adicionados ao website. [WEBSITE018]
2016-12-05T17:53:51+00:00 NOTICE (5): USER ID: 1. MESSAGE: Idioma(s) adicionados ao website. [WEBSITE018]
2016-12-05T17:56:50+00:00 NOTICE (5): USER ID: 1. MESSAGE: Idioma(s) adicionados ao website. [WEBSITE018]
2016-12-05T17:56:50+00:00 NOTICE (5): USER ID: 1. MESSAGE: Idioma(s) adicionados ao website. [WEBSITE018]
2016-12-05T17:56:50+00:00 NOTICE (5): USER ID: 1. MESSAGE: Idioma(s) adicionados ao website. [WEBSITE018]
2016-12-05T17:56:50+00:00 NOTICE (5): USER ID: 1. MESSAGE: Idioma(s) adicionados ao website. [WEBSITE018]
2016-12-05T17:56:50+00:00 NOTICE (5): USER ID: 1. MESSAGE: Idioma(s) adicionados ao website. [WEBSITE018]
2016-12-05T17:56:50+00:00 NOTICE (5): USER ID: 1. MESSAGE: Idioma(s) adicionados ao website. [WEBSITE018]
2016-12-05T17:58:40+00:00 NOTICE (5): USER ID: 1. MESSAGE: Idioma(s) adicionados ao website. [WEBSITE018]
2016-12-05T17:58:40+00:00 NOTICE (5): USER ID: 1. MESSAGE: Idioma(s) adicionados ao website. [WEBSITE018]
2016-12-05T17:58:40+00:00 NOTICE (5): USER ID: 1. MESSAGE: Idioma(s) adicionados ao website. [WEBSITE018]
2016-12-05T17:58:40+00:00 NOTICE (5): USER ID: 1. MESSAGE: Idioma(s) adicionados ao website. [WEBSITE018]
2016-12-05T17:58:40+00:00 NOTICE (5): USER ID: 1. MESSAGE: Idioma(s) adicionados ao website. [WEBSITE018]
2016-12-05T17:58:40+00:00 NOTICE (5): USER ID: 1. MESSAGE: Idioma(s) adicionados ao website. [WEBSITE018]
2016-12-05T17:58:50+00:00 NOTICE (5): USER ID: 1. MESSAGE: Idioma(s) adicionados ao website. [WEBSITE018]
2016-12-05T17:58:51+00:00 NOTICE (5): USER ID: 1. MESSAGE: Idioma(s) adicionados ao website. [WEBSITE018]
2016-12-05T17:58:51+00:00 NOTICE (5): USER ID: 1. MESSAGE: Idioma(s) adicionados ao website. [WEBSITE018]
2016-12-05T17:58:51+00:00 NOTICE (5): USER ID: 1. MESSAGE: Idioma(s) adicionados ao website. [WEBSITE018]
2016-12-05T17:58:51+00:00 NOTICE (5): USER ID: 1. MESSAGE: Idioma(s) adicionados ao website. [WEBSITE018]
2016-12-05T17:58:51+00:00 NOTICE (5): USER ID: 1. MESSAGE: Idioma(s) adicionados ao website. [WEBSITE018]
2016-12-05T17:59:00+00:00 NOTICE (5): USER ID: 1. MESSAGE: Idioma(s) adicionados ao website. [WEBSITE018]
2016-12-05T17:59:00+00:00 NOTICE (5): USER ID: 1. MESSAGE: Idioma(s) adicionados ao website. [WEBSITE018]
2016-12-05T17:59:00+00:00 NOTICE (5): USER ID: 1. MESSAGE: Idioma(s) adicionados ao website. [WEBSITE018]
2016-12-05T17:59:00+00:00 NOTICE (5): USER ID: 1. MESSAGE: Idioma(s) adicionados ao website. [WEBSITE018]
2016-12-05T17:59:00+00:00 NOTICE (5): USER ID: 1. MESSAGE: Idioma(s) adicionados ao website. [WEBSITE018]
2016-12-05T17:59:00+00:00 NOTICE (5): USER ID: 1. MESSAGE: Idioma(s) adicionados ao website. [WEBSITE018]
2016-12-05T17:59:33+00:00 NOTICE (5): USER ID: 1. MESSAGE: Idioma(s) adicionados ao website. [WEBSITE018]
2016-12-05T17:59:33+00:00 NOTICE (5): USER ID: 1. MESSAGE: Idioma(s) adicionados ao website. [WEBSITE018]
2016-12-05T17:59:33+00:00 NOTICE (5): USER ID: 1. MESSAGE: Idioma(s) adicionados ao website. [WEBSITE018]
2016-12-05T17:59:33+00:00 NOTICE (5): USER ID: 1. MESSAGE: Idioma(s) adicionados ao website. [WEBSITE018]
2016-12-05T17:59:33+00:00 NOTICE (5): USER ID: 1. MESSAGE: Idioma(s) adicionados ao website. [WEBSITE018]
2016-12-05T17:59:33+00:00 NOTICE (5): USER ID: 1. MESSAGE: Idioma(s) adicionados ao website. [WEBSITE018]
2016-12-05T18:00:50+00:00 NOTICE (5): USER ID: 1. MESSAGE: Idioma(s) adicionados ao website. [WEBSITE018]
2016-12-05T18:00:50+00:00 NOTICE (5): USER ID: 1. MESSAGE: Idioma(s) adicionados ao website. [WEBSITE018]
2016-12-05T18:00:50+00:00 NOTICE (5): USER ID: 1. MESSAGE: Idioma(s) adicionados ao website. [WEBSITE018]
2016-12-05T18:00:50+00:00 NOTICE (5): USER ID: 1. MESSAGE: Idioma(s) adicionados ao website. [WEBSITE018]
2016-12-05T18:00:50+00:00 NOTICE (5): USER ID: 1. MESSAGE: Idioma(s) adicionados ao website. [WEBSITE018]
2016-12-05T18:00:50+00:00 NOTICE (5): USER ID: 1. MESSAGE: Idioma(s) adicionados ao website. [WEBSITE018]
2016-12-05T18:01:25+00:00 NOTICE (5): USER ID: 1. MESSAGE: Idioma(s) adicionados ao website. [WEBSITE018]
2016-12-05T18:01:25+00:00 NOTICE (5): USER ID: 1. MESSAGE: Idioma(s) adicionados ao website. [WEBSITE018]
2016-12-05T18:01:25+00:00 NOTICE (5): USER ID: 1. MESSAGE: Idioma(s) adicionados ao website. [WEBSITE018]
2016-12-05T18:01:25+00:00 NOTICE (5): USER ID: 1. MESSAGE: Idioma(s) adicionados ao website. [WEBSITE018]
2016-12-05T18:01:25+00:00 NOTICE (5): USER ID: 1. MESSAGE: Idioma(s) adicionados ao website. [WEBSITE018]
2016-12-05T18:01:25+00:00 NOTICE (5): USER ID: 1. MESSAGE: Idioma(s) adicionados ao website. [WEBSITE018]
2016-12-05T18:01:41+00:00 NOTICE (5): USER ID: 1. MESSAGE: Idioma(s) adicionados ao website. [WEBSITE018]
2016-12-05T18:01:41+00:00 NOTICE (5): USER ID: 1. MESSAGE: Idioma(s) adicionados ao website. [WEBSITE018]
2016-12-05T18:01:41+00:00 NOTICE (5): USER ID: 1. MESSAGE: Idioma(s) adicionados ao website. [WEBSITE018]
2016-12-05T18:01:41+00:00 NOTICE (5): USER ID: 1. MESSAGE: Idioma(s) adicionados ao website. [WEBSITE018]
2016-12-05T18:01:41+00:00 NOTICE (5): USER ID: 1. MESSAGE: Idioma(s) adicionados ao website. [WEBSITE018]
2016-12-05T18:01:41+00:00 NOTICE (5): USER ID: 1. MESSAGE: Idioma(s) adicionados ao website. [WEBSITE018]
2016-12-05T18:01:56+00:00 NOTICE (5): USER ID: 1. MESSAGE: Idioma(s) adicionados ao website. [WEBSITE018]
2016-12-05T18:01:56+00:00 NOTICE (5): USER ID: 1. MESSAGE: Idioma(s) adicionados ao website. [WEBSITE018]
2016-12-05T18:01:56+00:00 NOTICE (5): USER ID: 1. MESSAGE: Idioma(s) adicionados ao website. [WEBSITE018]
2016-12-05T18:01:56+00:00 NOTICE (5): USER ID: 1. MESSAGE: Idioma(s) adicionados ao website. [WEBSITE018]
2016-12-05T18:01:56+00:00 NOTICE (5): USER ID: 1. MESSAGE: Idioma(s) adicionados ao website. [WEBSITE018]
2016-12-05T18:01:56+00:00 NOTICE (5): USER ID: 1. MESSAGE: Idioma(s) adicionados ao website. [WEBSITE018]
2016-12-05T18:02:02+00:00 NOTICE (5): USER ID: 1. MESSAGE: Idioma(s) adicionados ao website. [WEBSITE018]
2016-12-05T18:02:02+00:00 NOTICE (5): USER ID: 1. MESSAGE: Idioma(s) adicionados ao website. [WEBSITE018]
2016-12-05T18:02:02+00:00 NOTICE (5): USER ID: 1. MESSAGE: Idioma(s) adicionados ao website. [WEBSITE018]
2016-12-05T18:02:02+00:00 NOTICE (5): USER ID: 1. MESSAGE: Idioma(s) adicionados ao website. [WEBSITE018]
2016-12-05T18:02:02+00:00 NOTICE (5): USER ID: 1. MESSAGE: Idioma(s) adicionados ao website. [WEBSITE018]
2016-12-05T18:02:02+00:00 NOTICE (5): USER ID: 1. MESSAGE: Idioma(s) adicionados ao website. [WEBSITE018]
2016-12-05T18:04:00+00:00 NOTICE (5): USER ID: 1. MESSAGE: Idioma(s) adicionados ao website. [WEBSITE018]
2016-12-05T18:04:00+00:00 NOTICE (5): USER ID: 1. MESSAGE: Idioma(s) adicionados ao website. [WEBSITE018]
2016-12-05T18:04:00+00:00 NOTICE (5): USER ID: 1. MESSAGE: Idioma(s) adicionados ao website. [WEBSITE018]
2016-12-05T18:04:00+00:00 NOTICE (5): USER ID: 1. MESSAGE: Idioma(s) adicionados ao website. [WEBSITE018]
2016-12-05T18:04:00+00:00 NOTICE (5): USER ID: 1. MESSAGE: Idioma(s) adicionados ao website. [WEBSITE018]
2016-12-05T18:04:00+00:00 NOTICE (5): USER ID: 1. MESSAGE: Idioma(s) adicionados ao website. [WEBSITE018]
2016-12-05T18:05:35+00:00 NOTICE (5): USER ID: 1. MESSAGE: Idioma(s) adicionados ao website. [WEBSITE018]
2016-12-05T18:05:35+00:00 NOTICE (5): USER ID: 1. MESSAGE: Idioma(s) adicionados ao website. [WEBSITE018]
2016-12-05T18:05:35+00:00 NOTICE (5): USER ID: 1. MESSAGE: Idioma(s) adicionados ao website. [WEBSITE018]
2016-12-05T18:05:35+00:00 NOTICE (5): USER ID: 1. MESSAGE: Idioma(s) adicionados ao website. [WEBSITE018]
2016-12-05T18:05:35+00:00 NOTICE (5): USER ID: 1. MESSAGE: Idioma(s) adicionados ao website. [WEBSITE018]
2016-12-05T18:05:35+00:00 NOTICE (5): USER ID: 1. MESSAGE: Idioma(s) adicionados ao website. [WEBSITE018]
2016-12-05T18:06:05+00:00 NOTICE (5): USER ID: 1. MESSAGE: Idioma(s) adicionados ao website. [WEBSITE018]
2016-12-05T18:06:05+00:00 NOTICE (5): USER ID: 1. MESSAGE: Idioma(s) adicionados ao website. [WEBSITE018]
2016-12-05T18:06:05+00:00 NOTICE (5): USER ID: 1. MESSAGE: Idioma(s) adicionados ao website. [WEBSITE018]
2016-12-05T18:06:05+00:00 NOTICE (5): USER ID: 1. MESSAGE: Idioma(s) adicionados ao website. [WEBSITE018]
2016-12-05T18:06:05+00:00 NOTICE (5): USER ID: 1. MESSAGE: Idioma(s) adicionados ao website. [WEBSITE018]
2016-12-05T18:06:05+00:00 NOTICE (5): USER ID: 1. MESSAGE: Idioma(s) adicionados ao website. [WEBSITE018]
2016-12-05T18:06:48+00:00 NOTICE (5): USER ID: 1. MESSAGE: Idioma(s) adicionados ao website. [WEBSITE018]
2016-12-05T18:06:48+00:00 NOTICE (5): USER ID: 1. MESSAGE: Idioma(s) adicionados ao website. [WEBSITE018]
2016-12-05T18:06:48+00:00 NOTICE (5): USER ID: 1. MESSAGE: Idioma(s) adicionados ao website. [WEBSITE018]
2016-12-05T18:06:48+00:00 NOTICE (5): USER ID: 1. MESSAGE: Idioma(s) adicionados ao website. [WEBSITE018]
2016-12-05T18:06:48+00:00 NOTICE (5): USER ID: 1. MESSAGE: Idioma(s) adicionados ao website. [WEBSITE018]
2016-12-05T18:06:48+00:00 NOTICE (5): USER ID: 1. MESSAGE: Idioma(s) adicionados ao website. [WEBSITE018]
2016-12-05T18:07:16+00:00 NOTICE (5): USER ID: 1. MESSAGE: Idioma(s) adicionados ao website. [WEBSITE018]
2016-12-05T18:07:16+00:00 NOTICE (5): USER ID: 1. MESSAGE: Idioma(s) adicionados ao website. [WEBSITE018]
2016-12-05T18:07:16+00:00 NOTICE (5): USER ID: 1. MESSAGE: Idioma(s) adicionados ao website. [WEBSITE018]
2016-12-05T18:07:16+00:00 NOTICE (5): USER ID: 1. MESSAGE: Idioma(s) adicionados ao website. [WEBSITE018]
2016-12-05T18:07:16+00:00 NOTICE (5): USER ID: 1. MESSAGE: Idioma(s) adicionados ao website. [WEBSITE018]
2016-12-05T18:07:16+00:00 NOTICE (5): USER ID: 1. MESSAGE: Idioma(s) adicionados ao website. [WEBSITE018]
2016-12-05T18:07:29+00:00 NOTICE (5): USER ID: 1. MESSAGE: Idioma(s) adicionados ao website. [WEBSITE018]
2016-12-05T18:07:29+00:00 NOTICE (5): USER ID: 1. MESSAGE: Idioma(s) adicionados ao website. [WEBSITE018]
2016-12-05T18:07:29+00:00 NOTICE (5): USER ID: 1. MESSAGE: Idioma(s) adicionados ao website. [WEBSITE018]
2016-12-05T18:07:29+00:00 NOTICE (5): USER ID: 1. MESSAGE: Idioma(s) adicionados ao website. [WEBSITE018]
2016-12-05T18:07:29+00:00 NOTICE (5): USER ID: 1. MESSAGE: Idioma(s) adicionados ao website. [WEBSITE018]
2016-12-05T18:07:29+00:00 NOTICE (5): USER ID: 1. MESSAGE: Idioma(s) adicionados ao website. [WEBSITE018]
2016-12-05T18:07:41+00:00 NOTICE (5): USER ID: 1. MESSAGE: Idioma(s) adicionados ao website. [WEBSITE018]
2016-12-05T18:07:41+00:00 NOTICE (5): USER ID: 1. MESSAGE: Idioma(s) adicionados ao website. [WEBSITE018]
2016-12-05T18:07:41+00:00 NOTICE (5): USER ID: 1. MESSAGE: Idioma(s) adicionados ao website. [WEBSITE018]
2016-12-05T18:07:41+00:00 NOTICE (5): USER ID: 1. MESSAGE: Idioma(s) adicionados ao website. [WEBSITE018]
2016-12-05T18:07:41+00:00 NOTICE (5): USER ID: 1. MESSAGE: Idioma(s) adicionados ao website. [WEBSITE018]
2016-12-05T18:07:41+00:00 NOTICE (5): USER ID: 1. MESSAGE: Idioma(s) adicionados ao website. [WEBSITE018]
2016-12-05T18:08:06+00:00 NOTICE (5): USER ID: 1. MESSAGE: Idioma(s) adicionados ao website. [WEBSITE018]
2016-12-05T18:08:06+00:00 NOTICE (5): USER ID: 1. MESSAGE: Idioma(s) adicionados ao website. [WEBSITE018]
2016-12-05T18:08:06+00:00 NOTICE (5): USER ID: 1. MESSAGE: Idioma(s) adicionados ao website. [WEBSITE018]
2016-12-05T18:08:06+00:00 NOTICE (5): USER ID: 1. MESSAGE: Idioma(s) adicionados ao website. [WEBSITE018]
2016-12-05T18:08:06+00:00 NOTICE (5): USER ID: 1. MESSAGE: Idioma(s) adicionados ao website. [WEBSITE018]
2016-12-05T18:08:06+00:00 NOTICE (5): USER ID: 1. MESSAGE: Idioma(s) adicionados ao website. [WEBSITE018]
2016-12-05T18:08:20+00:00 NOTICE (5): USER ID: 1. MESSAGE: Idioma(s) adicionados ao website. [WEBSITE018]
2016-12-05T18:08:20+00:00 NOTICE (5): USER ID: 1. MESSAGE: Idioma(s) adicionados ao website. [WEBSITE018]
2016-12-05T18:08:20+00:00 NOTICE (5): USER ID: 1. MESSAGE: Idioma(s) adicionados ao website. [WEBSITE018]
2016-12-05T18:08:20+00:00 NOTICE (5): USER ID: 1. MESSAGE: Idioma(s) adicionados ao website. [WEBSITE018]
2016-12-05T18:08:20+00:00 NOTICE (5): USER ID: 1. MESSAGE: Idioma(s) adicionados ao website. [WEBSITE018]
2016-12-05T18:08:20+00:00 NOTICE (5): USER ID: 1. MESSAGE: Idioma(s) adicionados ao website. [WEBSITE018]
2016-12-05T18:08:36+00:00 NOTICE (5): USER ID: 1. MESSAGE: Idioma(s) adicionados ao website. [WEBSITE018]
2016-12-05T18:08:36+00:00 NOTICE (5): USER ID: 1. MESSAGE: Idioma(s) adicionados ao website. [WEBSITE018]
2016-12-05T18:08:36+00:00 NOTICE (5): USER ID: 1. MESSAGE: Idioma(s) adicionados ao website. [WEBSITE018]
2016-12-05T18:08:36+00:00 NOTICE (5): USER ID: 1. MESSAGE: Idioma(s) adicionados ao website. [WEBSITE018]
2016-12-05T18:08:36+00:00 NOTICE (5): USER ID: 1. MESSAGE: Idioma(s) adicionados ao website. [WEBSITE018]
2016-12-05T18:08:36+00:00 NOTICE (5): USER ID: 1. MESSAGE: Idioma(s) adicionados ao website. [WEBSITE018]
2016-12-05T18:39:21+00:00 NOTICE (5): USER ID: 1. MESSAGE: Idioma(s) adicionados ao website. [WEBSITE018]
2016-12-05T18:39:21+00:00 NOTICE (5): USER ID: 1. MESSAGE: Idioma(s) adicionados ao website. [WEBSITE018]
2016-12-05T18:39:21+00:00 NOTICE (5): USER ID: 1. MESSAGE: Idioma(s) adicionados ao website. [WEBSITE018]
2016-12-05T18:39:21+00:00 NOTICE (5): USER ID: 1. MESSAGE: Idioma(s) adicionados ao website. [WEBSITE018]
2016-12-05T18:39:21+00:00 NOTICE (5): USER ID: 1. MESSAGE: Idioma(s) adicionados ao website. [WEBSITE018]
2016-12-05T18:39:21+00:00 NOTICE (5): USER ID: 1. MESSAGE: Idioma(s) adicionados ao website. [WEBSITE018]
2016-12-05T18:39:21+00:00 NOTICE (5): USER ID: 1. MESSAGE: Website alterado com sucesso. [WEBSITE004]
2016-12-05T18:39:21+00:00 NOTICE (5): USER ID: 1. MESSAGE: Website alterado com sucesso. [WEBSITE004]
2016-12-05T18:39:21+00:00 NOTICE (5): USER ID: 1. MESSAGE: Website alterado com sucesso. [WEBSITE004]
2016-12-05T18:39:21+00:00 NOTICE (5): USER ID: 1. MESSAGE: Website alterado com sucesso. [WEBSITE004]
2016-12-05T18:40:27+00:00 NOTICE (5): USER ID: 1. MESSAGE: Idioma(s) adicionados ao website. [WEBSITE018]
2016-12-05T18:40:27+00:00 NOTICE (5): USER ID: 1. MESSAGE: Idioma(s) adicionados ao website. [WEBSITE018]
2016-12-05T18:40:27+00:00 NOTICE (5): USER ID: 1. MESSAGE: Idioma(s) adicionados ao website. [WEBSITE018]
2016-12-05T18:40:27+00:00 NOTICE (5): USER ID: 1. MESSAGE: Idioma(s) adicionados ao website. [WEBSITE018]
2016-12-05T18:40:27+00:00 NOTICE (5): USER ID: 1. MESSAGE: Idioma(s) adicionados ao website. [WEBSITE018]
2016-12-05T18:40:27+00:00 NOTICE (5): USER ID: 1. MESSAGE: Idioma(s) adicionados ao website. [WEBSITE018]
2016-12-05T18:40:59+00:00 NOTICE (5): USER ID: 1. MESSAGE: Idioma(s) adicionados ao website. [WEBSITE018]
2016-12-05T18:40:59+00:00 NOTICE (5): USER ID: 1. MESSAGE: Idioma(s) adicionados ao website. [WEBSITE018]
2016-12-05T18:40:59+00:00 NOTICE (5): USER ID: 1. MESSAGE: Idioma(s) adicionados ao website. [WEBSITE018]
2016-12-05T18:40:59+00:00 NOTICE (5): USER ID: 1. MESSAGE: Idioma(s) adicionados ao website. [WEBSITE018]
2016-12-05T18:40:59+00:00 NOTICE (5): USER ID: 1. MESSAGE: Idioma(s) adicionados ao website. [WEBSITE018]
2016-12-05T18:40:59+00:00 NOTICE (5): USER ID: 1. MESSAGE: Idioma(s) adicionados ao website. [WEBSITE018]
2016-12-05T18:41:07+00:00 NOTICE (5): USER ID: 1. MESSAGE: Idioma(s) adicionados ao website. [WEBSITE018]
2016-12-05T18:41:07+00:00 NOTICE (5): USER ID: 1. MESSAGE: Idioma(s) adicionados ao website. [WEBSITE018]
2016-12-05T18:41:07+00:00 NOTICE (5): USER ID: 1. MESSAGE: Idioma(s) adicionados ao website. [WEBSITE018]
2016-12-05T18:41:07+00:00 NOTICE (5): USER ID: 1. MESSAGE: Idioma(s) adicionados ao website. [WEBSITE018]
2016-12-05T18:41:07+00:00 NOTICE (5): USER ID: 1. MESSAGE: Idioma(s) adicionados ao website. [WEBSITE018]
2016-12-05T18:41:07+00:00 NOTICE (5): USER ID: 1. MESSAGE: Idioma(s) adicionados ao website. [WEBSITE018]
2016-12-05T18:41:07+00:00 NOTICE (5): USER ID: 1. MESSAGE: Website alterado com sucesso. [WEBSITE004]
2016-12-05T18:41:07+00:00 NOTICE (5): USER ID: 1. MESSAGE: Website alterado com sucesso. [WEBSITE004]
2016-12-05T18:41:07+00:00 NOTICE (5): USER ID: 1. MESSAGE: Website alterado com sucesso. [WEBSITE004]
2016-12-05T18:41:07+00:00 NOTICE (5): USER ID: 1. MESSAGE: Website alterado com sucesso. [WEBSITE004]
2016-12-05T18:41:54+00:00 NOTICE (5): USER ID: 1. MESSAGE: Idioma(s) adicionados ao website. [WEBSITE018]
2016-12-05T18:41:54+00:00 NOTICE (5): USER ID: 1. MESSAGE: Idioma(s) adicionados ao website. [WEBSITE018]
2016-12-05T18:41:54+00:00 NOTICE (5): USER ID: 1. MESSAGE: Idioma(s) adicionados ao website. [WEBSITE018]
2016-12-05T18:41:54+00:00 NOTICE (5): USER ID: 1. MESSAGE: Idioma(s) adicionados ao website. [WEBSITE018]
2016-12-05T18:41:54+00:00 NOTICE (5): USER ID: 1. MESSAGE: Idioma(s) adicionados ao website. [WEBSITE018]
2016-12-05T18:41:54+00:00 NOTICE (5): USER ID: 1. MESSAGE: Idioma(s) adicionados ao website. [WEBSITE018]
2016-12-05T18:41:54+00:00 NOTICE (5): USER ID: 1. MESSAGE: Website alterado com sucesso. [WEBSITE004]
2016-12-05T18:41:54+00:00 NOTICE (5): USER ID: 1. MESSAGE: Website alterado com sucesso. [WEBSITE004]
2016-12-05T18:41:54+00:00 NOTICE (5): USER ID: 1. MESSAGE: Website alterado com sucesso. [WEBSITE004]
2016-12-05T18:41:54+00:00 NOTICE (5): USER ID: 1. MESSAGE: Website alterado com sucesso. [WEBSITE004]
2016-12-08T19:03:07+00:00 NOTICE (5): USER ID: 1. MESSAGE: Página cadastrada com sucesso. Deseja cadastrar outra página? [PAGE001]
2016-12-08T19:03:59+00:00 NOTICE (5): USER ID: 1. MESSAGE: Categoria cadastrada com sucesso. Deseja cadastrar outra categoria? [ACAT001]
2016-12-08T19:40:00+00:00 NOTICE (5): USER ID: 1. MESSAGE: Categoria alterada com sucesso. [ACAT004]
2016-12-08T19:40:25+00:00 NOTICE (5): USER ID: 1. MESSAGE: Categoria alterada com sucesso. [ACAT004]
2016-12-08T19:40:37+00:00 NOTICE (5): USER ID: 1. MESSAGE: Categoria alterada com sucesso. [ACAT004]
2016-12-08T20:01:55+00:00 NOTICE (5): USER ID: 1. MESSAGE: Categoria (2) excluída com sucesso. [ACAT007]
2016-12-09T17:40:08+00:00 NOTICE (5): USER ID: 1. MESSAGE: Falha ao cadastrar/alterar categoria. Um ou mais campos possuem dados inválidos. Tente novamente. [ACATL003]
2016-12-09T17:40:28+00:00 NOTICE (5): USER ID: 1. MESSAGE: Falha ao cadastrar/alterar categoria. Um ou mais campos possuem dados inválidos. Tente novamente. [ACATL003]
2016-12-09T17:42:05+00:00 NOTICE (5): USER ID: 1. MESSAGE: Falha ao cadastrar/alterar categoria. Um ou mais campos possuem dados inválidos. Tente novamente. [ACATL003]
2016-12-09T17:44:18+00:00 NOTICE (5): USER ID: 1. MESSAGE: Falha ao cadastrar/alterar categoria. Um ou mais campos possuem dados inválidos. Tente novamente. [ACATL003]
2016-12-09T17:44:31+00:00 NOTICE (5): USER ID: 1. MESSAGE: Falha ao cadastrar/alterar categoria. Um ou mais campos possuem dados inválidos. Tente novamente. [ACATL003]
2016-12-09T17:50:10+00:00 NOTICE (5): USER ID: 1. MESSAGE: Categoria cadastrada com sucesso. Deseja cadastrar outra categoria? [ACATL001]
2016-12-09T17:50:22+00:00 NOTICE (5): USER ID: 1. MESSAGE: Categoria alterada com sucesso. [ACATL004]
2016-12-09T17:50:34+00:00 NOTICE (5): USER ID: 1. MESSAGE: Categoria cadastrada com sucesso. Deseja cadastrar outra categoria? [ACATL001]
2016-12-09T17:50:47+00:00 NOTICE (5): USER ID: 1. MESSAGE: Categoria cadastrada com sucesso. Deseja cadastrar outra categoria? [ACATL001]
2016-12-09T17:55:02+00:00 NOTICE (5): USER ID: 1. MESSAGE: Categoria cadastrada com sucesso. Deseja cadastrar outra categoria? [ACAT001]
2016-12-09T17:55:28+00:00 NOTICE (5): USER ID: 1. MESSAGE: Categoria cadastrada com sucesso. Deseja cadastrar outra categoria? [ACATL001]
2016-12-09T17:55:44+00:00 NOTICE (5): USER ID: 1. MESSAGE: Categoria cadastrada com sucesso. Deseja cadastrar outra categoria? [ACATL001]
2016-12-09T17:55:58+00:00 NOTICE (5): USER ID: 1. MESSAGE: Categoria cadastrada com sucesso. Deseja cadastrar outra categoria? [ACATL001]
2016-12-09T17:56:12+00:00 NOTICE (5): USER ID: 1. MESSAGE: O conteúdo em todos os idiomas relacionados à Categoria (2) foi excluído com sucesso. [ACATL009]
2016-12-09T17:56:12+00:00 NOTICE (5): USER ID: 1. MESSAGE: Categoria (2) excluída com sucesso. [ACAT007]
2016-12-09T17:56:12+00:00 NOTICE (5): USER ID: 1. MESSAGE: Categoria (2) excluída com sucesso. [ACAT007]
2016-12-12T19:47:04+00:00 NOTICE (5): USER ID: 1. MESSAGE: Falha ao cadastrar/alterar artigo. Um ou mais campos possuem dados inválidos. Tente novamente. [ART003]
2016-12-12T20:17:20+00:00 NOTICE (5): USER ID: 1. MESSAGE: Falha ao cadastrar/alterar artigo. Um ou mais campos possuem dados inválidos. Tente novamente. [ART003]
2016-12-12T20:17:38+00:00 NOTICE (5): USER ID: 1. MESSAGE: Falha ao cadastrar/alterar artigo. Um ou mais campos possuem dados inválidos. Tente novamente. [ART003]
2016-12-12T20:18:27+00:00 NOTICE (5): USER ID: 1. MESSAGE: Falha ao cadastrar/alterar artigo. Um ou mais campos possuem dados inválidos. Tente novamente. [ART003]
2016-12-12T20:18:41+00:00 NOTICE (5): USER ID: 1. MESSAGE: Falha ao cadastrar/alterar artigo. Um ou mais campos possuem dados inválidos. Tente novamente. [ART003]
2016-12-12T20:20:07+00:00 NOTICE (5): USER ID: 1. MESSAGE: Artigo cadastrado com sucesso. Deseja cadastrar outro artigo? [ART001]
2016-12-12T20:28:22+00:00 NOTICE (5): USER ID: 1. MESSAGE: Artigo cadastrado com sucesso. Deseja cadastrar outro artigo? [ART001]
2016-12-13T16:05:20+00:00 NOTICE (5): USER ID: 1. MESSAGE: Artigo cadastrado com sucesso. Deseja cadastrar outro artigo? [ART001]
2016-12-13T16:20:35+00:00 WARN (4): USER ID: 1. MESSAGE: Mensagem desconhecida.
2016-12-13T16:59:37+00:00 NOTICE (5): USER ID: 1. MESSAGE: Artigo alterado com sucesso. [ART004]
2016-12-13T17:00:27+00:00 NOTICE (5): USER ID: 1. MESSAGE: Artigo alterado com sucesso. [ART004]
2016-12-13T19:56:18+00:00 NOTICE (5): USER ID: 1. MESSAGE: Falha ao cadastrar/alterar artigo. Um ou mais campos possuem dados inválidos. Tente novamente. [ARTL003]
2016-12-13T19:58:28+00:00 NOTICE (5): USER ID: 1. MESSAGE: Falha ao cadastrar/alterar artigo. Um ou mais campos possuem dados inválidos. Tente novamente. [ARTL003]
2016-12-13T19:59:21+00:00 NOTICE (5): USER ID: 1. MESSAGE: Artigo cadastrado com sucesso. Deseja cadastrar outro artigo? [ARTL001]
2016-12-13T20:00:22+00:00 NOTICE (5): USER ID: 1. MESSAGE: Artigo alterado com sucesso. [ARTL004]
2016-12-13T20:00:49+00:00 NOTICE (5): USER ID: 1. MESSAGE: Artigo alterado com sucesso. [ARTL004]
2016-12-13T20:03:04+00:00 NOTICE (5): USER ID: 1. MESSAGE: Artigo alterado com sucesso. [ARTL004]
2016-12-13T20:03:51+00:00 NOTICE (5): USER ID: 1. MESSAGE: Artigo alterado com sucesso. [ARTL004]
2016-12-13T20:14:34+00:00 NOTICE (5): USER ID: 1. MESSAGE: Artigo alterado com sucesso. [ARTL004]
2016-12-13T20:15:16+00:00 NOTICE (5): USER ID: 1. MESSAGE: Artigo alterado com sucesso. [ARTL004]
2016-12-13T20:16:23+00:00 NOTICE (5): USER ID: 1. MESSAGE: Artigo cadastrado com sucesso. Deseja cadastrar outro artigo? [ARTL001]
2016-12-13T20:17:24+00:00 NOTICE (5): USER ID: 1. MESSAGE: Artigo alterado com sucesso. [ARTL004]
2016-12-14T17:09:51+00:00 NOTICE (5): USER ID: 1. MESSAGE: O conteúdo em todos os idiomas relacionados à Categoria (1) foi excluído com sucesso. [ACATL009]
2016-12-14T17:09:51+00:00 NOTICE (5): USER ID: 1. MESSAGE: Categoria (1) excluída com sucesso. [ACAT007]
2016-12-14T17:09:51+00:00 NOTICE (5): USER ID: 1. MESSAGE: Categoria (1) excluída com sucesso. [ACAT007]
2016-12-14T17:22:28+00:00 NOTICE (5): USER ID: 1. MESSAGE: Categoria cadastrada com sucesso. Deseja cadastrar outra categoria? [ACAT001]
2016-12-14T17:22:49+00:00 NOTICE (5): USER ID: 1. MESSAGE: Categoria cadastrada com sucesso. Deseja cadastrar outra categoria? [ACATL001]
2016-12-14T17:23:02+00:00 NOTICE (5): USER ID: 1. MESSAGE: Categoria cadastrada com sucesso. Deseja cadastrar outra categoria? [ACATL001]
2016-12-14T17:23:23+00:00 NOTICE (5): USER ID: 1. MESSAGE: Categoria cadastrada com sucesso. Deseja cadastrar outra categoria? [ACAT001]
2016-12-14T17:23:43+00:00 NOTICE (5): USER ID: 1. MESSAGE: Categoria cadastrada com sucesso. Deseja cadastrar outra categoria? [ACATL001]
2016-12-14T17:23:57+00:00 NOTICE (5): USER ID: 1. MESSAGE: Categoria cadastrada com sucesso. Deseja cadastrar outra categoria? [ACATL001]
2016-12-14T17:24:09+00:00 NOTICE (5): USER ID: 1. MESSAGE: Categoria cadastrada com sucesso. Deseja cadastrar outra categoria? [ACAT001]
2016-12-14T17:32:39+00:00 NOTICE (5): USER ID: 1. MESSAGE: Categoria cadastrada com sucesso. Deseja cadastrar outra categoria? [ACAT001]
2016-12-14T17:33:08+00:00 NOTICE (5): USER ID: 1. MESSAGE: Categoria cadastrada com sucesso. Deseja cadastrar outra categoria? [ACATL001]
2016-12-14T17:33:26+00:00 NOTICE (5): USER ID: 1. MESSAGE: Categoria cadastrada com sucesso. Deseja cadastrar outra categoria? [ACATL001]
2016-12-14T18:18:02+00:00 NOTICE (5): USER ID: 1. MESSAGE: Categoria cadastrada com sucesso. Deseja cadastrar outra categoria? [ACATL001]
2016-12-14T18:18:24+00:00 NOTICE (5): USER ID: 1. MESSAGE: Categoria cadastrada com sucesso. Deseja cadastrar outra categoria? [ACATL001]
2016-12-14T18:18:35+00:00 NOTICE (5): USER ID: 1. MESSAGE: Categoria cadastrada com sucesso. Deseja cadastrar outra categoria? [ACATL001]
2016-12-14T18:18:58+00:00 NOTICE (5): USER ID: 1. MESSAGE: Categoria cadastrada com sucesso. Deseja cadastrar outra categoria? [ACATL001]
2016-12-14T18:19:06+00:00 NOTICE (5): USER ID: 1. MESSAGE: Categoria cadastrada com sucesso. Deseja cadastrar outra categoria? [ACATL001]
2016-12-14T18:19:25+00:00 NOTICE (5): USER ID: 1. MESSAGE: Categoria cadastrada com sucesso. Deseja cadastrar outra categoria? [ACATL001]
2016-12-14T19:24:02+00:00 NOTICE (5): USER ID: 1. MESSAGE: A category was related with an Article
2016-12-14T19:24:02+00:00 NOTICE (5): USER ID: 1. MESSAGE: A category was related with an Article
2016-12-14T19:24:02+00:00 NOTICE (5): USER ID: 1. MESSAGE: A category was related with an Article
2016-12-14T19:24:02+00:00 NOTICE (5): USER ID: 1. MESSAGE: A category was related with an Article
2016-12-14T19:24:02+00:00 NOTICE (5): USER ID: 1. MESSAGE: A category was related with an Article
2016-12-14T19:24:02+00:00 NOTICE (5): USER ID: 1. MESSAGE: A category was related with an Article
2016-12-14T19:24:02+00:00 NOTICE (5): USER ID: 1. MESSAGE: Artigo alterado com sucesso. [ARTL004]
2016-12-14T19:24:02+00:00 NOTICE (5): USER ID: 1. MESSAGE: Artigo alterado com sucesso. [ARTL004]
2016-12-14T19:24:02+00:00 NOTICE (5): USER ID: 1. MESSAGE: Artigo alterado com sucesso. [ARTL004]
2016-12-14T19:24:02+00:00 NOTICE (5): USER ID: 1. MESSAGE: Artigo alterado com sucesso. [ARTL004]
2016-12-14T19:24:47+00:00 NOTICE (5): USER ID: 1. MESSAGE: A category was related with an Article
2016-12-14T19:24:48+00:00 NOTICE (5): USER ID: 1. MESSAGE: A category was related with an Article
2016-12-14T19:24:48+00:00 NOTICE (5): USER ID: 1. MESSAGE: A category was related with an Article
2016-12-14T19:24:48+00:00 NOTICE (5): USER ID: 1. MESSAGE: Artigo alterado com sucesso. [ARTL004]
2016-12-14T19:24:48+00:00 NOTICE (5): USER ID: 1. MESSAGE: Artigo alterado com sucesso. [ARTL004]
2016-12-14T19:24:48+00:00 NOTICE (5): USER ID: 1. MESSAGE: Artigo alterado com sucesso. [ARTL004]
2016-12-14T19:25:12+00:00 NOTICE (5): USER ID: 1. MESSAGE: Falha ao cadastrar/alterar artigo. Um ou mais campos possuem dados inválidos. Tente novamente. [ARTL003]
2016-12-14T19:25:29+00:00 NOTICE (5): USER ID: 1. MESSAGE: Falha ao cadastrar/alterar artigo. Um ou mais campos possuem dados inválidos. Tente novamente. [ARTL003]
2016-12-14T19:25:47+00:00 NOTICE (5): USER ID: 1. MESSAGE: A category was related with an Article
2016-12-14T19:25:47+00:00 NOTICE (5): USER ID: 1. MESSAGE: A category was related with an Article
2016-12-14T19:25:47+00:00 NOTICE (5): USER ID: 1. MESSAGE: A category was related with an Article
2016-12-14T19:25:47+00:00 NOTICE (5): USER ID: 1. MESSAGE: Artigo cadastrado com sucesso. Deseja cadastrar outro artigo? [ARTL001]
2016-12-14T19:25:47+00:00 NOTICE (5): USER ID: 1. MESSAGE: Artigo cadastrado com sucesso. Deseja cadastrar outro artigo? [ARTL001]
2016-12-14T19:25:47+00:00 NOTICE (5): USER ID: 1. MESSAGE: Artigo cadastrado com sucesso. Deseja cadastrar outro artigo? [ARTL001]
2016-12-14T19:32:32+00:00 NOTICE (5): USER ID: 1. MESSAGE: A category was related with an Article
2016-12-14T19:32:32+00:00 NOTICE (5): USER ID: 1. MESSAGE: A category was related with an Article
2016-12-14T19:32:32+00:00 NOTICE (5): USER ID: 1. MESSAGE: A category was related with an Article
2016-12-14T19:32:32+00:00 NOTICE (5): USER ID: 1. MESSAGE: Artigo alterado com sucesso. [ARTL004]
2016-12-14T19:32:32+00:00 NOTICE (5): USER ID: 1. MESSAGE: Artigo alterado com sucesso. [ARTL004]
2016-12-14T19:32:32+00:00 NOTICE (5): USER ID: 1. MESSAGE: Artigo alterado com sucesso. [ARTL004]
2016-12-14T19:32:43+00:00 NOTICE (5): USER ID: 1. MESSAGE: A category was related with an Article
2016-12-14T19:32:44+00:00 NOTICE (5): USER ID: 1. MESSAGE: A category was related with an Article
2016-12-14T19:32:44+00:00 NOTICE (5): USER ID: 1. MESSAGE: A category was related with an Article
2016-12-14T19:32:44+00:00 NOTICE (5): USER ID: 1. MESSAGE: Artigo alterado com sucesso. [ARTL004]
2016-12-14T19:32:44+00:00 NOTICE (5): USER ID: 1. MESSAGE: Artigo alterado com sucesso. [ARTL004]
2016-12-14T19:32:44+00:00 NOTICE (5): USER ID: 1. MESSAGE: Artigo alterado com sucesso. [ARTL004]
2016-12-14T19:33:13+00:00 NOTICE (5): USER ID: 1. MESSAGE: A category was related with an Article
2016-12-14T19:33:13+00:00 NOTICE (5): USER ID: 1. MESSAGE: A category was related with an Article
2016-12-14T19:33:13+00:00 NOTICE (5): USER ID: 1. MESSAGE: A category was related with an Article
2016-12-14T19:33:13+00:00 NOTICE (5): USER ID: 1. MESSAGE: A category was related with an Article
2016-12-14T19:33:13+00:00 NOTICE (5): USER ID: 1. MESSAGE: A category was related with an Article
2016-12-14T19:33:13+00:00 NOTICE (5): USER ID: 1. MESSAGE: A category was related with an Article
2016-12-14T19:33:13+00:00 NOTICE (5): USER ID: 1. MESSAGE: A category was related with an Article
2016-12-14T19:33:13+00:00 NOTICE (5): USER ID: 1. MESSAGE: A category was related with an Article
2016-12-14T19:33:13+00:00 NOTICE (5): USER ID: 1. MESSAGE: A category was related with an Article
2016-12-14T19:33:13+00:00 NOTICE (5): USER ID: 1. MESSAGE: A category was related with an Article
2016-12-14T19:33:13+00:00 NOTICE (5): USER ID: 1. MESSAGE: Artigo alterado com sucesso. [ARTL004]
2016-12-14T19:33:13+00:00 NOTICE (5): USER ID: 1. MESSAGE: Artigo alterado com sucesso. [ARTL004]
2016-12-14T19:33:13+00:00 NOTICE (5): USER ID: 1. MESSAGE: Artigo alterado com sucesso. [ARTL004]
2016-12-14T19:33:13+00:00 NOTICE (5): USER ID: 1. MESSAGE: Artigo alterado com sucesso. [ARTL004]
2016-12-14T19:33:13+00:00 NOTICE (5): USER ID: 1. MESSAGE: Artigo alterado com sucesso. [ARTL004]
2016-12-14T19:33:30+00:00 NOTICE (5): USER ID: 1. MESSAGE: A category was related with an Article
2016-12-14T19:33:30+00:00 NOTICE (5): USER ID: 1. MESSAGE: Artigo alterado com sucesso. [ARTL004]
2016-12-14T19:33:30+00:00 NOTICE (5): USER ID: 1. MESSAGE: Artigo alterado com sucesso. [ARTL004]
2016-12-14T19:33:35+00:00 NOTICE (5): USER ID: 1. MESSAGE: A category was related with an Article
2016-12-14T19:33:35+00:00 NOTICE (5): USER ID: 1. MESSAGE: A category was related with an Article
2016-12-14T19:33:35+00:00 NOTICE (5): USER ID: 1. MESSAGE: A category was related with an Article
2016-12-14T19:33:35+00:00 NOTICE (5): USER ID: 1. MESSAGE: Artigo alterado com sucesso. [ARTL004]
2016-12-14T19:33:35+00:00 NOTICE (5): USER ID: 1. MESSAGE: Artigo alterado com sucesso. [ARTL004]
2016-12-14T19:33:35+00:00 NOTICE (5): USER ID: 1. MESSAGE: Artigo alterado com sucesso. [ARTL004]
2016-12-14T19:45:43+00:00 NOTICE (5): USER ID: 1. MESSAGE: A category was related with an Article
2016-12-14T19:45:43+00:00 NOTICE (5): USER ID: 1. MESSAGE: A category was related with an Article
2016-12-14T19:45:43+00:00 NOTICE (5): USER ID: 1. MESSAGE: A category was related with an Article
2016-12-14T19:45:44+00:00 NOTICE (5): USER ID: 1. MESSAGE: Artigo cadastrado com sucesso. Deseja cadastrar outro artigo? [ARTL001]
2016-12-14T19:45:44+00:00 NOTICE (5): USER ID: 1. MESSAGE: Artigo cadastrado com sucesso. Deseja cadastrar outro artigo? [ARTL001]
2016-12-14T19:45:44+00:00 NOTICE (5): USER ID: 1. MESSAGE: Artigo cadastrado com sucesso. Deseja cadastrar outro artigo? [ARTL001]
2016-12-14T19:46:13+00:00 NOTICE (5): USER ID: 1. MESSAGE: A category was related with an Article
2016-12-14T19:46:13+00:00 NOTICE (5): USER ID: 1. MESSAGE: Artigo cadastrado com sucesso. Deseja cadastrar outro artigo? [ARTL001]
2016-12-14T19:46:13+00:00 NOTICE (5): USER ID: 1. MESSAGE: Artigo cadastrado com sucesso. Deseja cadastrar outro artigo? [ARTL001]
2016-12-14T19:46:32+00:00 NOTICE (5): USER ID: 1. MESSAGE: Artigo (3) excluído com sucesso. [ART007]
2016-12-14T19:53:03+00:00 NOTICE (5): USER ID: 1. MESSAGE: Categoria cadastrada com sucesso. Deseja cadastrar outra categoria? [ACATL001]
2016-12-14T19:56:46+00:00 NOTICE (5): USER ID: 1. MESSAGE: O conteúdo em todos os idiomas relacionados à Categoria (5) foi excluído com sucesso. [ACATL009]
2016-12-14T19:56:46+00:00 NOTICE (5): USER ID: 1. MESSAGE: Categoria (5) excluída com sucesso. [ACAT007]
2016-12-14T19:56:46+00:00 NOTICE (5): USER ID: 1. MESSAGE: Categoria (5) excluída com sucesso. [ACAT007]
2016-12-14T19:57:00+00:00 NOTICE (5): USER ID: 1. MESSAGE: O conteúdo em todos os idiomas relacionados à Categoria (2) foi excluído com sucesso. [ACATL009]
2016-12-14T19:57:00+00:00 NOTICE (5): USER ID: 1. MESSAGE: Categoria (2) excluída com sucesso. [ACAT007]
2016-12-14T19:57:00+00:00 NOTICE (5): USER ID: 1. MESSAGE: Categoria (2) excluída com sucesso. [ACAT007]
2016-12-16T17:23:57+00:00 NOTICE (5): USER ID: 1. MESSAGE: Empresa alterada com sucesso. [COMPANY004]
2016-12-16T17:24:10+00:00 NOTICE (5): USER ID: 1. MESSAGE: Empresa alterada com sucesso. [COMPANY004]
2016-12-16T17:26:10+00:00 NOTICE (5): USER ID: 1. MESSAGE: Empresa cadastrada com sucesso. Deseja cadastrar outra empresa? [COMPANY001]
2016-12-16T18:13:17+00:00 NOTICE (5): USER ID: 1. MESSAGE: Usuário excluído com sucesso. [USER010]
2016-12-16T18:30:29+00:00 NOTICE (5): USER ID: 1. MESSAGE: Usuário cadastrado com sucesso. Deseja cadastrar outro usuário? [USER001]
2016-12-16T19:15:55+00:00 ERR (3): USER ID: 1. MESSAGE: Falha ao tentar alterar o usuário. Tente novamente. [USER006]
2016-12-16T19:16:22+00:00 ERR (3): USER ID: 1. MESSAGE: Falha ao tentar alterar o usuário. Tente novamente. [USER006]
2016-12-16T19:23:49+00:00 NOTICE (5): USER ID: 1. MESSAGE: Usuário alterado com sucesso. [USER005]
2016-12-16T19:23:58+00:00 NOTICE (5): USER ID: 1. MESSAGE: Usuário alterado com sucesso. [USER005]
2016-12-16T19:24:07+00:00 NOTICE (5): USER ID: 1. MESSAGE: Usuário alterado com sucesso. [USER005]
2016-12-16T19:35:57+00:00 NOTICE (5): USER ID: 1. MESSAGE: Website cadastrado com sucesso. Deseja cadastrar outro website? [WEBSITE001]
2016-12-16T19:54:27+00:00 NOTICE (5): USER ID: 1. MESSAGE: Permissões do usuário 8 alteradas com sucesso. [USER014]
2016-12-16T19:54:27+00:00 NOTICE (5): USER ID: 1. MESSAGE: Permissões do usuário 8 alteradas com sucesso. [USER014]
2016-12-16T19:54:27+00:00 NOTICE (5): USER ID: 1. MESSAGE: Permissões do usuário 8 alteradas com sucesso. [USER014]
2016-12-16T19:54:28+00:00 NOTICE (5): USER ID: 1. MESSAGE: Permissões do usuário 8 alteradas com sucesso. [USER014]
2016-12-16T19:54:28+00:00 NOTICE (5): USER ID: 1. MESSAGE: Permissões do usuário 8 alteradas com sucesso. [USER014]
2016-12-16T19:54:28+00:00 NOTICE (5): USER ID: 1. MESSAGE: Permissões do usuário 8 alteradas com sucesso. [USER014]
2016-12-19T15:53:24+00:00 NOTICE (5): USER ID: 1. MESSAGE: Módulo adicionado com sucesso ao Website. [WEBSITE011]
2016-12-19T15:53:29+00:00 NOTICE (5): USER ID: 1. MESSAGE: Módulo adicionado com sucesso ao Website. [WEBSITE011]
2016-12-19T15:53:33+00:00 NOTICE (5): USER ID: 1. MESSAGE: Módulo adicionado com sucesso ao Website. [WEBSITE011]
2016-12-19T15:53:36+00:00 NOTICE (5): USER ID: 1. MESSAGE: Módulo adicionado com sucesso ao Website. [WEBSITE011]
2016-12-19T15:53:50+00:00 NOTICE (5): USER ID: 1. MESSAGE: Módulo adicionado com sucesso ao Website. [WEBSITE011]
2016-12-19T15:54:08+00:00 NOTICE (5): USER ID: 1. MESSAGE: Módulo adicionado com sucesso ao Website. [WEBSITE011]
2016-12-19T16:05:40+00:00 NOTICE (5): USER ID: 1. MESSAGE: Módulo adicionado com sucesso ao Website. [WEBSITE011]
2016-12-19T16:05:44+00:00 NOTICE (5): USER ID: 1. MESSAGE: Módulo adicionado com sucesso ao Website. [WEBSITE011]
2016-12-19T16:05:48+00:00 NOTICE (5): USER ID: 1. MESSAGE: Módulo adicionado com sucesso ao Website. [WEBSITE011]
2016-12-19T16:05:52+00:00 NOTICE (5): USER ID: 1. MESSAGE: Módulo adicionado com sucesso ao Website. [WEBSITE011]
2016-12-19T16:05:55+00:00 NOTICE (5): USER ID: 1. MESSAGE: Módulo adicionado com sucesso ao Website. [WEBSITE011]
2016-12-19T16:05:59+00:00 NOTICE (5): USER ID: 1. MESSAGE: Módulo adicionado com sucesso ao Website. [WEBSITE011]
2016-12-19T20:05:01+00:00 NOTICE (5): USER ID: 1. MESSAGE: Permissões do usuário 1 alteradas com sucesso. [USER014]
2016-12-19T20:05:01+00:00 NOTICE (5): USER ID: 1. MESSAGE: Permissões do usuário 1 alteradas com sucesso. [USER014]
2016-12-19T20:05:01+00:00 NOTICE (5): USER ID: 1. MESSAGE: Permissões do usuário 1 alteradas com sucesso. [USER014]
2016-12-19T20:05:01+00:00 NOTICE (5): USER ID: 1. MESSAGE: Permissões do usuário 1 alteradas com sucesso. [USER014]
2016-12-19T20:05:01+00:00 NOTICE (5): USER ID: 1. MESSAGE: Permissões do usuário 1 alteradas com sucesso. [USER014]
2016-12-19T20:05:01+00:00 NOTICE (5): USER ID: 1. MESSAGE: Permissões do usuário 1 alteradas com sucesso. [USER014]
2016-12-19T20:05:01+00:00 NOTICE (5): USER ID: 1. MESSAGE: Permissões do usuário 1 alteradas com sucesso. [USER014]
2016-12-19T20:05:01+00:00 NOTICE (5): USER ID: 1. MESSAGE: Permissões do usuário 1 alteradas com sucesso. [USER014]
2016-12-19T20:05:01+00:00 NOTICE (5): USER ID: 1. MESSAGE: Permissões do usuário 1 alteradas com sucesso. [USER014]
2016-12-19T20:05:01+00:00 NOTICE (5): USER ID: 1. MESSAGE: Permissões do usuário 1 alteradas com sucesso. [USER014]
2016-12-19T20:05:01+00:00 NOTICE (5): USER ID: 1. MESSAGE: Permissões do usuário 1 alteradas com sucesso. [USER014]
2016-12-19T20:05:01+00:00 NOTICE (5): USER ID: 1. MESSAGE: Permissões do usuário 1 alteradas com sucesso. [USER014]
2016-12-19T20:05:01+00:00 NOTICE (5): USER ID: 1. MESSAGE: Permissões do usuário 1 alteradas com sucesso. [USER014]
2016-12-19T20:05:01+00:00 NOTICE (5): USER ID: 1. MESSAGE: Permissões do usuário 1 alteradas com sucesso. [USER014]
2016-12-19T20:05:01+00:00 NOTICE (5): USER ID: 1. MESSAGE: Permissões do usuário 1 alteradas com sucesso. [USER014]
2016-12-19T20:05:01+00:00 NOTICE (5): USER ID: 1. MESSAGE: Permissões do usuário 1 alteradas com sucesso. [USER014]
2016-12-19T20:05:01+00:00 NOTICE (5): USER ID: 1. MESSAGE: Permissões do usuário 1 alteradas com sucesso. [USER014]
2016-12-19T20:05:01+00:00 NOTICE (5): USER ID: 1. MESSAGE: Permissões do usuário 1 alteradas com sucesso. [USER014]
2016-12-19T20:05:01+00:00 NOTICE (5): USER ID: 1. MESSAGE: Permissões do usuário 1 alteradas com sucesso. [USER014]
2016-12-19T20:05:01+00:00 NOTICE (5): USER ID: 1. MESSAGE: Permissões do usuário 1 alteradas com sucesso. [USER014]
2016-12-19T20:05:01+00:00 NOTICE (5): USER ID: 1. MESSAGE: Permissões do usuário 1 alteradas com sucesso. [USER014]
2016-12-19T20:05:01+00:00 NOTICE (5): USER ID: 1. MESSAGE: Permissões do usuário 1 alteradas com sucesso. [USER014]
2016-12-19T20:05:01+00:00 NOTICE (5): USER ID: 1. MESSAGE: Permissões do usuário 1 alteradas com sucesso. [USER014]
2016-12-19T20:05:01+00:00 NOTICE (5): USER ID: 1. MESSAGE: Permissões do usuário 1 alteradas com sucesso. [USER014]
2016-12-19T20:05:01+00:00 NOTICE (5): USER ID: 1. MESSAGE: Permissões do usuário 1 alteradas com sucesso. [USER014]
2016-12-19T20:05:01+00:00 NOTICE (5): USER ID: 1. MESSAGE: Permissões do usuário 1 alteradas com sucesso. [USER014]
2016-12-19T20:05:01+00:00 NOTICE (5): USER ID: 1. MESSAGE: Permissões do usuário 1 alteradas com sucesso. [USER014]
2016-12-19T20:05:01+00:00 NOTICE (5): USER ID: 1. MESSAGE: Permissões do usuário 1 alteradas com sucesso. [USER014]
2016-12-19T20:05:01+00:00 NOTICE (5): USER ID: 1. MESSAGE: Permissões do usuário 1 alteradas com sucesso. [USER014]
2016-12-19T20:05:01+00:00 NOTICE (5): USER ID: 1. MESSAGE: Permissões do usuário 1 alteradas com sucesso. [USER014]
2016-12-19T20:05:01+00:00 NOTICE (5): USER ID: 1. MESSAGE: Permissões do usuário 1 alteradas com sucesso. [USER014]
2016-12-19T20:05:01+00:00 NOTICE (5): USER ID: 1. MESSAGE: Permissões do usuário 1 alteradas com sucesso. [USER014]
2016-12-19T20:05:01+00:00 NOTICE (5): USER ID: 1. MESSAGE: Permissões do usuário 1 alteradas com sucesso. [USER014]
2016-12-19T20:05:01+00:00 NOTICE (5): USER ID: 1. MESSAGE: Permissões do usuário 1 alteradas com sucesso. [USER014]
2016-12-19T20:05:01+00:00 NOTICE (5): USER ID: 1. MESSAGE: Permissões do usuário 1 alteradas com sucesso. [USER014]
2016-12-19T20:05:01+00:00 NOTICE (5): USER ID: 1. MESSAGE: Permissões do usuário 1 alteradas com sucesso. [USER014]
2016-12-22T19:51:23+00:00 NOTICE (5): USER ID: 1. MESSAGE: Falha ao alterar dados do cliente. Um ou mais campos possuem dados inválidos. Tente novamente. [CUSTOMER006]
2016-12-22T19:54:14+00:00 NOTICE (5): USER ID: 1. MESSAGE: Falha ao alterar dados do cliente. Um ou mais campos possuem dados inválidos. Tente novamente. [CUSTOMER006]
2016-12-22T19:56:22+00:00 NOTICE (5): USER ID: 1. MESSAGE: Falha ao alterar dados do cliente. Um ou mais campos possuem dados inválidos. Tente novamente. [CUSTOMER006]
2016-12-22T19:56:41+00:00 NOTICE (5): USER ID: 1. MESSAGE: Falha ao alterar dados do cliente. Um ou mais campos possuem dados inválidos. Tente novamente. [CUSTOMER006]
2016-12-22T19:56:57+00:00 NOTICE (5): USER ID: 1. MESSAGE: Falha ao alterar dados do cliente. Um ou mais campos possuem dados inválidos. Tente novamente. [CUSTOMER006]
2016-12-22T19:57:48+00:00 NOTICE (5): USER ID: 1. MESSAGE: Falha ao alterar dados do cliente. Um ou mais campos possuem dados inválidos. Tente novamente. [CUSTOMER006]
2016-12-22T20:00:07+00:00 WARN (4): USER ID: 1. MESSAGE: Mensagem desconhecida.
2016-12-22T20:01:24+00:00 WARN (4): USER ID: 1. MESSAGE: Mensagem desconhecida.
2016-12-22T20:06:09+00:00 WARN (4): USER ID: 1. MESSAGE: Mensagem desconhecida.
2016-12-22T20:07:46+00:00 WARN (4): USER ID: 1. MESSAGE: Mensagem desconhecida.
2016-12-22T20:07:55+00:00 WARN (4): USER ID: 1. MESSAGE: Mensagem desconhecida.
2016-12-22T20:08:14+00:00 WARN (4): USER ID: 1. MESSAGE: Mensagem desconhecida.
2016-12-22T20:08:51+00:00 WARN (4): USER ID: 1. MESSAGE: Mensagem desconhecida.
2016-12-22T20:09:02+00:00 WARN (4): USER ID: 1. MESSAGE: Mensagem desconhecida.
2016-12-22T20:11:06+00:00 WARN (4): USER ID: 1. MESSAGE: Mensagem desconhecida.
2016-12-22T20:13:45+00:00 ERR (3): USER ID: 1. MESSAGE: Failed when tried to save Customer Company.
2016-12-22T20:13:45+00:00 WARN (4): USER ID: 1. MESSAGE: Mensagem desconhecida.
2016-12-22T20:13:45+00:00 WARN (4): USER ID: 1. MESSAGE: Mensagem desconhecida.
2016-12-22T20:14:18+00:00 ERR (3): USER ID: 1. MESSAGE: Failed when tried to save Customer Company.
2016-12-22T20:14:18+00:00 NOTICE (5): USER ID: 1. MESSAGE: Dados do cliente alterados com sucesso. [CUSTOMER004]
2016-12-22T20:14:18+00:00 NOTICE (5): USER ID: 1. MESSAGE: Dados do cliente alterados com sucesso. [CUSTOMER004]
2016-12-22T20:14:33+00:00 CRIT (2): USER ID: 1. MESSAGE: Falha ao alterar dados do cliente. Tente novamente. [CUSTOMER005]
2016-12-22T20:15:25+00:00 CRIT (2): USER ID: 1. MESSAGE: Falha ao alterar dados do cliente. Tente novamente. [CUSTOMER005]
2016-12-22T20:16:26+00:00 ERR (3): USER ID: 1. MESSAGE: Failed when tried to save Customer Company.
2016-12-22T20:16:26+00:00 CRIT (2): USER ID: 1. MESSAGE: Falha ao alterar dados do cliente. Tente novamente. [CUSTOMER005]
2016-12-22T20:16:26+00:00 CRIT (2): USER ID: 1. MESSAGE: Falha ao alterar dados do cliente. Tente novamente. [CUSTOMER005]
2016-12-22T20:18:39+00:00 NOTICE (5): USER ID: 1. MESSAGE: Dados do cliente alterados com sucesso. [CUSTOMER004]
2016-12-22T20:24:45+00:00 NOTICE (5): USER ID: 1. MESSAGE: Cliente cadastrado com sucesso. Deseja cadastrar outro cliente? [CUSTOMER001]
2016-12-23T17:42:28+01:00 NOTICE (5): USER ID: 1. MESSAGE: Dados do cliente alterados com sucesso. [CUSTOMER004]
2016-12-23T18:22:52+01:00 NOTICE (5): USER ID: 1. MESSAGE: Ação não executada. Esse email já está sendo usado por outro cliente. [CUSTOMER010]
2016-12-23T18:24:13+01:00 NOTICE (5): USER ID: 1. MESSAGE: Cliente cadastrado com sucesso. Deseja cadastrar outro cliente? [CUSTOMER001]
2016-12-23T18:27:31+01:00 NOTICE (5): USER ID: 1. MESSAGE: Ação não executada. Esse email já está sendo usado por outro cliente. [CUSTOMER010]
2016-12-23T18:28:21+01:00 NOTICE (5): USER ID: 1. MESSAGE: Dados do cliente alterados com sucesso. [CUSTOMER004]
2016-12-23T18:28:33+01:00 NOTICE (5): USER ID: 1. MESSAGE: Dados do cliente alterados com sucesso. [CUSTOMER004]
2016-12-26T20:10:55+01:00 NOTICE (5): USER ID: 1. MESSAGE: Endereço do cliente cadastrado com sucesso. [CUSTOMER011]
2016-12-26T20:13:21+01:00 NOTICE (5): USER ID: 1. MESSAGE: Endereço do cliente cadastrado com sucesso. [CUSTOMER011]
2016-12-26T20:37:05+01:00 NOTICE (5): USER ID: 1. MESSAGE: Falha ao tentar cadastrar/alterar endereço do cliente. Um ou mais campos possuem dados inválidos. [CUSTOMER013]
2016-12-26T20:37:18+01:00 NOTICE (5): USER ID: 1. MESSAGE: Endereço do cliente cadastrado com sucesso. [CUSTOMER011]
2016-12-26T20:40:23+01:00 NOTICE (5): USER ID: 1. MESSAGE: Endereço do cliente cadastrado com sucesso. [CUSTOMER011]
2016-12-26T20:48:47+01:00 NOTICE (5): USER ID: 1. MESSAGE: Endereço do cliente cadastrado com sucesso. [CUSTOMER011]
2016-12-26T21:25:42+01:00 NOTICE (5): USER ID: 1. MESSAGE: Endereço removido com sucesso. [CUSTOMER017]
